<?xml version="1.0" encoding="UTF-8"?>
<!-- Generated by org.testng.reporters.JUnitXMLReporter -->
<testsuite ignored="54" hostname="IN-PG02NKK7" failures="6" tests="19" name="chromeTest" time="213.022" errors="0" timestamp="2023-01-09T13:52:39 IST">
  <testcase classname="flipkart.testcases.flipkartLogin_Test" name="loginFunction" time="0.749"/>
  <testcase classname="flipkart.testcases.flipKartPlus__Test" name="flipkartPlus_Page" time="8.293"/>
  <testcase classname="flipkart.testcases.customerCare__Test" name="customerhelp" time="5.348"/>
  <testcase classname="flipkart.testcases.groceryTab__Test" name="groceryitem" time="6.788">
    <failure type="java.lang.AssertionError" message="expected [Flipkart Supermart Select Horse Gram] but found [Masoor Dal (Split)]">
      <![CDATA[java.lang.AssertionError: expected [Flipkart Supermart Select Horse Gram] but found [Masoor Dal (Split)]
at flipkart.testcases.groceryTab__Test.groceryitem(groceryTab__Test.java:24)
at java.base/java.util.ArrayList.forEach(ArrayList.java:1540)
... Removed 33 stack frames]]>
    </failure>
  </testcase> <!-- groceryitem -->
  <testcase classname="flipkart.testcases.mobileTab__Test" name="mobileTabTest" time="5.052">
    <failure type="org.openqa.selenium.NoSuchElementException" message="no such element: Unable to locate element: {&amp;quot;method&amp;quot;:&amp;quot;xpath&amp;quot;,&amp;quot;selector&amp;quot;:&amp;quot;/html/body/div/div/div[2]/div/div/div[2]/a/div[1]/div/img&amp;quot;}
  (Session info: chrome=108.0.5359.125)
For documentation on this error, please visit: https://www.seleniumhq.org/exceptions/no_such_element.html
Build info: version: &amp;apos;3.141.59&amp;apos;, revision: &amp;apos;e82be7d358&amp;apos;, time: &amp;apos;2018-11-14T08:17:03&amp;apos;
System info: host: &amp;apos;IN-PG02NKK7&amp;apos;, ip: &amp;apos;192.168.1.3&amp;apos;, os.name: &amp;apos;Windows 10&amp;apos;, os.arch: &amp;apos;amd64&amp;apos;, os.version: &amp;apos;10.0&amp;apos;, java.version: &amp;apos;11.0.1&amp;apos;
Driver info: org.openqa.selenium.chrome.ChromeDriver
Capabilities {acceptInsecureCerts: false, browserName: chrome, browserVersion: 108.0.5359.125, chrome: {chromedriverVersion: 108.0.5359.71 (1e0e3868ee06..., userDataDir: C:\Users\HRITIK~1\AppData\L...}, goog:chromeOptions: {debuggerAddress: localhost:60706}, javascriptEnabled: true, networkConnectionEnabled: false, pageLoadStrategy: normal, platform: WINDOWS, platformName: WINDOWS, proxy: Proxy(), setWindowRect: true, strictFileInteractability: false, timeouts: {implicit: 0, pageLoad: 300000, script: 30000}, unhandledPromptBehavior: dismiss and notify, webauthn:extension:credBlob: true, webauthn:extension:largeBlob: true, webauthn:virtualAuthenticators: true}
Session ID: 938c6d226f45a656d8923626d4b12832
*** Element info: {Using=xpath, value=/html/body/div/div/div[2]/div/div/div[2]/a/div[1]/div/img}">
      <![CDATA[org.openqa.selenium.NoSuchElementException: no such element: Unable to locate element: {"method":"xpath","selector":"/html/body/div/div/div[2]/div/div/div[2]/a/div[1]/div/img"}
  (Session info: chrome=108.0.5359.125)
For documentation on this error, please visit: https://www.seleniumhq.org/exceptions/no_such_element.html
Build info: version: '3.141.59', revision: 'e82be7d358', time: '2018-11-14T08:17:03'
System info: host: 'IN-PG02NKK7', ip: '192.168.1.3', os.name: 'Windows 10', os.arch: 'amd64', os.version: '10.0', java.version: '11.0.1'
Driver info: org.openqa.selenium.chrome.ChromeDriver
Capabilities {acceptInsecureCerts: false, browserName: chrome, browserVersion: 108.0.5359.125, chrome: {chromedriverVersion: 108.0.5359.71 (1e0e3868ee06..., userDataDir: C:\Users\HRITIK~1\AppData\L...}, goog:chromeOptions: {debuggerAddress: localhost:60706}, javascriptEnabled: true, networkConnectionEnabled: false, pageLoadStrategy: normal, platform: WINDOWS, platformName: WINDOWS, proxy: Proxy(), setWindowRect: true, strictFileInteractability: false, timeouts: {implicit: 0, pageLoad: 300000, script: 30000}, unhandledPromptBehavior: dismiss and notify, webauthn:extension:credBlob: true, webauthn:extension:largeBlob: true, webauthn:virtualAuthenticators: true}
Session ID: 938c6d226f45a656d8923626d4b12832
*** Element info: {Using=xpath, value=/html/body/div/div/div[2]/div/div/div[2]/a/div[1]/div/img}
at org.openqa.selenium.remote.http.W3CHttpResponseCodec.createException(W3CHttpResponseCodec.java:187)
at org.openqa.selenium.remote.http.W3CHttpResponseCodec.decode(W3CHttpResponseCodec.java:122)
at org.openqa.selenium.remote.http.W3CHttpResponseCodec.decode(W3CHttpResponseCodec.java:49)
at org.openqa.selenium.remote.HttpCommandExecutor.execute(HttpCommandExecutor.java:158)
at org.openqa.selenium.remote.service.DriverCommandExecutor.execute(DriverCommandExecutor.java:83)
at org.openqa.selenium.remote.RemoteWebDriver.execute(RemoteWebDriver.java:552)
at org.openqa.selenium.remote.RemoteWebDriver.findElement(RemoteWebDriver.java:323)
at org.openqa.selenium.remote.RemoteWebDriver.findElementByXPath(RemoteWebDriver.java:428)
at org.openqa.selenium.By$ByXPath.findElement(By.java:353)
at org.openqa.selenium.remote.RemoteWebDriver.findElement(RemoteWebDriver.java:315)
at org.openqa.selenium.support.pagefactory.DefaultElementLocator.findElement(DefaultElementLocator.java:69)
at org.openqa.selenium.support.pagefactory.internal.LocatingElementHandler.invoke(LocatingElementHandler.java:38)
at com.sun.proxy.$Proxy15.click(Unknown Source)
at flipkart_project.pages.mobileTab__Page.mobileTab(mobileTab__Page.java:37)
at flipkart.testcases.mobileTab__Test.mobileTabTest(mobileTab__Test.java:18)
at java.base/java.util.ArrayList.forEach(ArrayList.java:1540)
... Removed 31 stack frames]]>
    </failure>
  </testcase> <!-- mobileTabTest -->
  <testcase classname="flipkart.testcases.productSearch__Test" name="productsearchTest" time="34.463">
    <failure type="org.openqa.selenium.TimeoutException" message="Expected condition failed: waiting for title to contain &amp;quot;MI 5A TV- Buy Products Online at Best Price in India - All Categories | Flipkart.com					 		&amp;quot;. Current title: &amp;quot;MI 5A TV- Buy Products Online at Best Price in India - All Categories | Flipkart.com&amp;quot; (tried for 30 second(s) with 500 milliseconds interval)
Build info: version: &amp;apos;3.141.59&amp;apos;, revision: &amp;apos;e82be7d358&amp;apos;, time: &amp;apos;2018-11-14T08:17:03&amp;apos;
System info: host: &amp;apos;IN-PG02NKK7&amp;apos;, ip: &amp;apos;192.168.1.3&amp;apos;, os.name: &amp;apos;Windows 10&amp;apos;, os.arch: &amp;apos;amd64&amp;apos;, os.version: &amp;apos;10.0&amp;apos;, java.version: &amp;apos;11.0.1&amp;apos;
Driver info: org.openqa.selenium.chrome.ChromeDriver
Capabilities {acceptInsecureCerts: false, browserName: chrome, browserVersion: 108.0.5359.125, chrome: {chromedriverVersion: 108.0.5359.71 (1e0e3868ee06..., userDataDir: C:\Users\HRITIK~1\AppData\L...}, goog:chromeOptions: {debuggerAddress: localhost:60706}, javascriptEnabled: true, networkConnectionEnabled: false, pageLoadStrategy: normal, platform: WINDOWS, platformName: WINDOWS, proxy: Proxy(), setWindowRect: true, strictFileInteractability: false, timeouts: {implicit: 0, pageLoad: 300000, script: 30000}, unhandledPromptBehavior: dismiss and notify, webauthn:extension:credBlob: true, webauthn:extension:largeBlob: true, webauthn:virtualAuthenticators: true}
Session ID: 938c6d226f45a656d8923626d4b12832">
      <![CDATA[org.openqa.selenium.TimeoutException: Expected condition failed: waiting for title to contain "MI 5A TV- Buy Products Online at Best Price in India - All Categories | Flipkart.com ". Current title: "MI 5A TV- Buy Products Online at Best Price in India - All Categories | Flipkart.com" (tried for 30 second(s) with 500 milliseconds interval)
Build info: version: '3.141.59', revision: 'e82be7d358', time: '2018-11-14T08:17:03'
System info: host: 'IN-PG02NKK7', ip: '192.168.1.3', os.name: 'Windows 10', os.arch: 'amd64', os.version: '10.0', java.version: '11.0.1'
Driver info: org.openqa.selenium.chrome.ChromeDriver
Capabilities {acceptInsecureCerts: false, browserName: chrome, browserVersion: 108.0.5359.125, chrome: {chromedriverVersion: 108.0.5359.71 (1e0e3868ee06..., userDataDir: C:\Users\HRITIK~1\AppData\L...}, goog:chromeOptions: {debuggerAddress: localhost:60706}, javascriptEnabled: true, networkConnectionEnabled: false, pageLoadStrategy: normal, platform: WINDOWS, platformName: WINDOWS, proxy: Proxy(), setWindowRect: true, strictFileInteractability: false, timeouts: {implicit: 0, pageLoad: 300000, script: 30000}, unhandledPromptBehavior: dismiss and notify, webauthn:extension:credBlob: true, webauthn:extension:largeBlob: true, webauthn:virtualAuthenticators: true}
Session ID: 938c6d226f45a656d8923626d4b12832
at org.openqa.selenium.support.ui.WebDriverWait.timeoutException(WebDriverWait.java:95)
at org.openqa.selenium.support.ui.FluentWait.until(FluentWait.java:272)
at flipkart_project.pages.productSearch__Page.productsearch(productSearch__Page.java:41)
at flipkart.testcases.productSearch__Test.productsearchTest(productSearch__Test.java:18)
at java.base/java.util.ArrayList.forEach(ArrayList.java:1540)
... Removed 27 stack frames]]>
    </failure>
  </testcase> <!-- productsearchTest -->
  <testcase classname="flipkart.testcases.cartBtn__Test" name="cartbtnTest" time="5.066">
    <failure type="org.openqa.selenium.NoSuchElementException" message="no such element: Unable to locate element: {&amp;quot;method&amp;quot;:&amp;quot;xpath&amp;quot;,&amp;quot;selector&amp;quot;:&amp;quot;/html/body/div[1]/div/div[1]/div[1]/div[2]/div[6]/div/div/a&amp;quot;}
  (Session info: chrome=108.0.5359.125)
For documentation on this error, please visit: https://www.seleniumhq.org/exceptions/no_such_element.html
Build info: version: &amp;apos;3.141.59&amp;apos;, revision: &amp;apos;e82be7d358&amp;apos;, time: &amp;apos;2018-11-14T08:17:03&amp;apos;
System info: host: &amp;apos;IN-PG02NKK7&amp;apos;, ip: &amp;apos;192.168.1.3&amp;apos;, os.name: &amp;apos;Windows 10&amp;apos;, os.arch: &amp;apos;amd64&amp;apos;, os.version: &amp;apos;10.0&amp;apos;, java.version: &amp;apos;11.0.1&amp;apos;
Driver info: org.openqa.selenium.chrome.ChromeDriver
Capabilities {acceptInsecureCerts: false, browserName: chrome, browserVersion: 108.0.5359.125, chrome: {chromedriverVersion: 108.0.5359.71 (1e0e3868ee06..., userDataDir: C:\Users\HRITIK~1\AppData\L...}, goog:chromeOptions: {debuggerAddress: localhost:60706}, javascriptEnabled: true, networkConnectionEnabled: false, pageLoadStrategy: normal, platform: WINDOWS, platformName: WINDOWS, proxy: Proxy(), setWindowRect: true, strictFileInteractability: false, timeouts: {implicit: 0, pageLoad: 300000, script: 30000}, unhandledPromptBehavior: dismiss and notify, webauthn:extension:credBlob: true, webauthn:extension:largeBlob: true, webauthn:virtualAuthenticators: true}
Session ID: 938c6d226f45a656d8923626d4b12832
*** Element info: {Using=xpath, value=/html/body/div[1]/div/div[1]/div[1]/div[2]/div[6]/div/div/a}">
      <![CDATA[org.openqa.selenium.NoSuchElementException: no such element: Unable to locate element: {"method":"xpath","selector":"/html/body/div[1]/div/div[1]/div[1]/div[2]/div[6]/div/div/a"}
  (Session info: chrome=108.0.5359.125)
For documentation on this error, please visit: https://www.seleniumhq.org/exceptions/no_such_element.html
Build info: version: '3.141.59', revision: 'e82be7d358', time: '2018-11-14T08:17:03'
System info: host: 'IN-PG02NKK7', ip: '192.168.1.3', os.name: 'Windows 10', os.arch: 'amd64', os.version: '10.0', java.version: '11.0.1'
Driver info: org.openqa.selenium.chrome.ChromeDriver
Capabilities {acceptInsecureCerts: false, browserName: chrome, browserVersion: 108.0.5359.125, chrome: {chromedriverVersion: 108.0.5359.71 (1e0e3868ee06..., userDataDir: C:\Users\HRITIK~1\AppData\L...}, goog:chromeOptions: {debuggerAddress: localhost:60706}, javascriptEnabled: true, networkConnectionEnabled: false, pageLoadStrategy: normal, platform: WINDOWS, platformName: WINDOWS, proxy: Proxy(), setWindowRect: true, strictFileInteractability: false, timeouts: {implicit: 0, pageLoad: 300000, script: 30000}, unhandledPromptBehavior: dismiss and notify, webauthn:extension:credBlob: true, webauthn:extension:largeBlob: true, webauthn:virtualAuthenticators: true}
Session ID: 938c6d226f45a656d8923626d4b12832
*** Element info: {Using=xpath, value=/html/body/div[1]/div/div[1]/div[1]/div[2]/div[6]/div/div/a}
at org.openqa.selenium.remote.http.W3CHttpResponseCodec.createException(W3CHttpResponseCodec.java:187)
at org.openqa.selenium.remote.http.W3CHttpResponseCodec.decode(W3CHttpResponseCodec.java:122)
at org.openqa.selenium.remote.http.W3CHttpResponseCodec.decode(W3CHttpResponseCodec.java:49)
at org.openqa.selenium.remote.HttpCommandExecutor.execute(HttpCommandExecutor.java:158)
at org.openqa.selenium.remote.service.DriverCommandExecutor.execute(DriverCommandExecutor.java:83)
at org.openqa.selenium.remote.RemoteWebDriver.execute(RemoteWebDriver.java:552)
at org.openqa.selenium.remote.RemoteWebDriver.findElement(RemoteWebDriver.java:323)
at org.openqa.selenium.remote.RemoteWebDriver.findElementByXPath(RemoteWebDriver.java:428)
at org.openqa.selenium.By$ByXPath.findElement(By.java:353)
at org.openqa.selenium.remote.RemoteWebDriver.findElement(RemoteWebDriver.java:315)
at org.openqa.selenium.support.pagefactory.DefaultElementLocator.findElement(DefaultElementLocator.java:69)
at org.openqa.selenium.support.pagefactory.internal.LocatingElementHandler.invoke(LocatingElementHandler.java:38)
at com.sun.proxy.$Proxy15.click(Unknown Source)
at flipkart_project.pages.cartBtn__Page.cartbtnpage(cartBtn__Page.java:33)
at flipkart.testcases.cartBtn__Test.cartbtnTest(cartBtn__Test.java:17)
at java.base/java.util.ArrayList.forEach(ArrayList.java:1540)
... Removed 31 stack frames]]>
    </failure>
  </testcase> <!-- cartbtnTest -->
  <testcase classname="flipkart.testcases.giftCard__Test" name="giftcard" time="7.56"/>
  <testcase classname="flipkart.testcases.flightSearch__Test" name="flightSearch" time="5.23"/>
  <testcase classname="flipkart.testcases.seller_feeStructure__Test" name="sellerFeeStructure" time="11.304"/>
  <testcase classname="flipkart.testcases.seller_faqs__Test" name="sellerfaqs" time="7.509"/>
  <testcase classname="flipkart.testcases.twoWheelerTab__Test" name="twoWheelertest" time="6.046"/>
  <testcase classname="flipkart.testcases.explosePlus_btn__Test" name="exploreplusbtn_test" time="5.965"/>
  <testcase classname="flipkart.testcases.pressBtn__Test" name="pressbtnTest" time="23.47"/>
  <testcase classname="flipkart.testcases.pressBtn_Special__ExploreMap_Test" name="pressBtn_ExploreMap" time="13.741"/>
  <testcase classname="flipkart.testcases.flipkartCareer__Test" name="careerTest" time="9.781"/>
  <testcase classname="flipkart.testcases.appliancesBtn__Test" name="appliancesTest" time="5.76"/>
  <testcase classname="flipkart.testcases.flipkartAssuredProduct__Test" name="flipkartAssuredProduc" time="1.021">
    <failure type="java.lang.AssertionError" message="expected [APPLE 2020 Macbook Air M1 - (8 GB/256 GB SSD/Mac OS Big Sur) MGN93HN/A] but found [APPLE 2020 Macbook Air M1 - (8 GB/256 GB SSD/Mac OS Big Sur) MGN63HN/A]">
      <![CDATA[java.lang.AssertionError: expected [APPLE 2020 Macbook Air M1 - (8 GB/256 GB SSD/Mac OS Big Sur) MGN93HN/A] but found [APPLE 2020 Macbook Air M1 - (8 GB/256 GB SSD/Mac OS Big Sur) MGN63HN/A]
at flipkart.testcases.flipkartAssuredProduct__Test.flipkartAssuredProduc(flipkartAssuredProduct__Test.java:22)
at java.base/java.util.ArrayList.forEach(ArrayList.java:1540)
... Removed 33 stack frames]]>
    </failure>
  </testcase> <!-- flipkartAssuredProduc -->
  <testcase classname="flipkart.testcases.compareFeature__Test" name="compareTwoProduct" time="0.661">
    <failure type="org.openqa.selenium.StaleElementReferenceException" message="stale element reference: element is not attached to the page document
  (Session info: chrome=108.0.5359.125)
For documentation on this error, please visit: https://www.seleniumhq.org/exceptions/stale_element_reference.html
Build info: version: &amp;apos;3.141.59&amp;apos;, revision: &amp;apos;e82be7d358&amp;apos;, time: &amp;apos;2018-11-14T08:17:03&amp;apos;
System info: host: &amp;apos;IN-PG02NKK7&amp;apos;, ip: &amp;apos;192.168.1.3&amp;apos;, os.name: &amp;apos;Windows 10&amp;apos;, os.arch: &amp;apos;amd64&amp;apos;, os.version: &amp;apos;10.0&amp;apos;, java.version: &amp;apos;11.0.1&amp;apos;
Driver info: org.openqa.selenium.chrome.ChromeDriver
Capabilities {acceptInsecureCerts: false, browserName: chrome, browserVersion: 108.0.5359.125, chrome: {chromedriverVersion: 108.0.5359.71 (1e0e3868ee06..., userDataDir: C:\Users\HRITIK~1\AppData\L...}, goog:chromeOptions: {debuggerAddress: localhost:60706}, javascriptEnabled: true, networkConnectionEnabled: false, pageLoadStrategy: normal, platform: WINDOWS, platformName: WINDOWS, proxy: Proxy(), setWindowRect: true, strictFileInteractability: false, timeouts: {implicit: 0, pageLoad: 300000, script: 30000}, unhandledPromptBehavior: dismiss and notify, webauthn:extension:credBlob: true, webauthn:extension:largeBlob: true, webauthn:virtualAuthenticators: true}
Session ID: 938c6d226f45a656d8923626d4b12832">
      <![CDATA[org.openqa.selenium.StaleElementReferenceException: stale element reference: element is not attached to the page document
  (Session info: chrome=108.0.5359.125)
For documentation on this error, please visit: https://www.seleniumhq.org/exceptions/stale_element_reference.html
Build info: version: '3.141.59', revision: 'e82be7d358', time: '2018-11-14T08:17:03'
System info: host: 'IN-PG02NKK7', ip: '192.168.1.3', os.name: 'Windows 10', os.arch: 'amd64', os.version: '10.0', java.version: '11.0.1'
Driver info: org.openqa.selenium.chrome.ChromeDriver
Capabilities {acceptInsecureCerts: false, browserName: chrome, browserVersion: 108.0.5359.125, chrome: {chromedriverVersion: 108.0.5359.71 (1e0e3868ee06..., userDataDir: C:\Users\HRITIK~1\AppData\L...}, goog:chromeOptions: {debuggerAddress: localhost:60706}, javascriptEnabled: true, networkConnectionEnabled: false, pageLoadStrategy: normal, platform: WINDOWS, platformName: WINDOWS, proxy: Proxy(), setWindowRect: true, strictFileInteractability: false, timeouts: {implicit: 0, pageLoad: 300000, script: 30000}, unhandledPromptBehavior: dismiss and notify, webauthn:extension:credBlob: true, webauthn:extension:largeBlob: true, webauthn:virtualAuthenticators: true}
Session ID: 938c6d226f45a656d8923626d4b12832
at org.openqa.selenium.remote.http.W3CHttpResponseCodec.createException(W3CHttpResponseCodec.java:187)
at org.openqa.selenium.remote.http.W3CHttpResponseCodec.decode(W3CHttpResponseCodec.java:122)
at org.openqa.selenium.remote.http.W3CHttpResponseCodec.decode(W3CHttpResponseCodec.java:49)
at org.openqa.selenium.remote.HttpCommandExecutor.execute(HttpCommandExecutor.java:158)
at org.openqa.selenium.remote.service.DriverCommandExecutor.execute(DriverCommandExecutor.java:83)
at org.openqa.selenium.remote.RemoteWebDriver.execute(RemoteWebDriver.java:552)
at org.openqa.selenium.remote.RemoteWebElement.execute(RemoteWebElement.java:285)
at org.openqa.selenium.remote.RemoteWebElement.click(RemoteWebElement.java:84)
at org.openqa.selenium.support.pagefactory.internal.LocatingElementHandler.invoke(LocatingElementHandler.java:51)
at com.sun.proxy.$Proxy15.click(Unknown Source)
at flipkart_project.pages.compareFeature__Page.compareFeaturePage(compareFeature__Page.java:46)
at flipkart.testcases.compareFeature__Test.compareTwoProduct(compareFeature__Test.java:19)
at java.base/java.util.ArrayList.forEach(ArrayList.java:1540)
... Removed 34 stack frames]]>
    </failure>
  </testcase> <!-- compareTwoProduct -->
  <testcase classname="flipkart_project.utilities.BasePage" name="@BeforeSuite setup" time="0.0">
    <ignored/>
  </testcase> <!-- @BeforeSuite setup -->
  <testcase classname="flipkart_project.utilities.BasePage" name="@BeforeSuite setup" time="0.0">
    <ignored/>
  </testcase> <!-- @BeforeSuite setup -->
  <testcase classname="flipkart_project.utilities.BasePage" name="@BeforeSuite setup" time="0.0">
    <ignored/>
  </testcase> <!-- @BeforeSuite setup -->
  <testcase classname="flipkart_project.utilities.BasePage" name="@BeforeSuite setup" time="0.0">
    <ignored/>
  </testcase> <!-- @BeforeSuite setup -->
  <testcase classname="flipkart_project.utilities.BasePage" name="@BeforeSuite setup" time="0.0">
    <ignored/>
  </testcase> <!-- @BeforeSuite setup -->
  <testcase classname="flipkart_project.utilities.BasePage" name="@BeforeSuite setup" time="0.0">
    <ignored/>
  </testcase> <!-- @BeforeSuite setup -->
  <testcase classname="flipkart_project.utilities.BasePage" name="@BeforeSuite setup" time="0.0">
    <ignored/>
  </testcase> <!-- @BeforeSuite setup -->
  <testcase classname="flipkart_project.utilities.BasePage" name="@BeforeSuite setup" time="0.0">
    <ignored/>
  </testcase> <!-- @BeforeSuite setup -->
  <testcase classname="flipkart_project.utilities.BasePage" name="@BeforeSuite setup" time="0.0">
    <ignored/>
  </testcase> <!-- @BeforeSuite setup -->
  <testcase classname="flipkart_project.utilities.BasePage" name="@BeforeSuite setup" time="0.0">
    <ignored/>
  </testcase> <!-- @BeforeSuite setup -->
  <testcase classname="flipkart_project.utilities.BasePage" name="@BeforeSuite setup" time="0.0">
    <ignored/>
  </testcase> <!-- @BeforeSuite setup -->
  <testcase classname="flipkart_project.utilities.BasePage" name="@BeforeSuite setup" time="0.0">
    <ignored/>
  </testcase> <!-- @BeforeSuite setup -->
  <testcase classname="flipkart_project.utilities.BasePage" name="@BeforeSuite setup" time="0.0">
    <ignored/>
  </testcase> <!-- @BeforeSuite setup -->
  <testcase classname="flipkart_project.utilities.BasePage" name="@BeforeSuite setup" time="0.0">
    <ignored/>
  </testcase> <!-- @BeforeSuite setup -->
  <testcase classname="flipkart_project.utilities.BasePage" name="@BeforeSuite setup" time="0.0">
    <ignored/>
  </testcase> <!-- @BeforeSuite setup -->
  <testcase classname="flipkart_project.utilities.BasePage" name="@BeforeSuite setup" time="0.0">
    <ignored/>
  </testcase> <!-- @BeforeSuite setup -->
  <testcase classname="flipkart_project.utilities.BasePage" name="@BeforeSuite setup" time="0.0">
    <ignored/>
  </testcase> <!-- @BeforeSuite setup -->
  <testcase classname="flipkart_project.utilities.BasePage" name="@BeforeSuite setup" time="0.0">
    <ignored/>
  </testcase> <!-- @BeforeSuite setup -->
  <testcase classname="flipkart_project.utilities.BasePage" name="@BeforeTest nevigateToURL" time="0.0">
    <ignored/>
  </testcase> <!-- @BeforeTest nevigateToURL -->
  <testcase classname="flipkart_project.utilities.BasePage" name="@BeforeTest nevigateToURL" time="0.0">
    <ignored/>
  </testcase> <!-- @BeforeTest nevigateToURL -->
  <testcase classname="flipkart_project.utilities.BasePage" name="@BeforeTest nevigateToURL" time="0.0">
    <ignored/>
  </testcase> <!-- @BeforeTest nevigateToURL -->
  <testcase classname="flipkart_project.utilities.BasePage" name="@BeforeTest nevigateToURL" time="0.0">
    <ignored/>
  </testcase> <!-- @BeforeTest nevigateToURL -->
  <testcase classname="flipkart_project.utilities.BasePage" name="@BeforeTest nevigateToURL" time="0.0">
    <ignored/>
  </testcase> <!-- @BeforeTest nevigateToURL -->
  <testcase classname="flipkart_project.utilities.BasePage" name="@BeforeTest nevigateToURL" time="0.0">
    <ignored/>
  </testcase> <!-- @BeforeTest nevigateToURL -->
  <testcase classname="flipkart_project.utilities.BasePage" name="@BeforeTest nevigateToURL" time="0.0">
    <ignored/>
  </testcase> <!-- @BeforeTest nevigateToURL -->
  <testcase classname="flipkart_project.utilities.BasePage" name="@BeforeTest nevigateToURL" time="0.0">
    <ignored/>
  </testcase> <!-- @BeforeTest nevigateToURL -->
  <testcase classname="flipkart_project.utilities.BasePage" name="@BeforeTest nevigateToURL" time="0.0">
    <ignored/>
  </testcase> <!-- @BeforeTest nevigateToURL -->
  <testcase classname="flipkart_project.utilities.BasePage" name="@BeforeTest nevigateToURL" time="0.0">
    <ignored/>
  </testcase> <!-- @BeforeTest nevigateToURL -->
  <testcase classname="flipkart_project.utilities.BasePage" name="@BeforeTest nevigateToURL" time="0.0">
    <ignored/>
  </testcase> <!-- @BeforeTest nevigateToURL -->
  <testcase classname="flipkart_project.utilities.BasePage" name="@BeforeTest nevigateToURL" time="0.0">
    <ignored/>
  </testcase> <!-- @BeforeTest nevigateToURL -->
  <testcase classname="flipkart_project.utilities.BasePage" name="@BeforeTest nevigateToURL" time="0.0">
    <ignored/>
  </testcase> <!-- @BeforeTest nevigateToURL -->
  <testcase classname="flipkart_project.utilities.BasePage" name="@BeforeTest nevigateToURL" time="0.0">
    <ignored/>
  </testcase> <!-- @BeforeTest nevigateToURL -->
  <testcase classname="flipkart_project.utilities.BasePage" name="@BeforeTest nevigateToURL" time="0.0">
    <ignored/>
  </testcase> <!-- @BeforeTest nevigateToURL -->
  <testcase classname="flipkart_project.utilities.BasePage" name="@BeforeTest nevigateToURL" time="0.0">
    <ignored/>
  </testcase> <!-- @BeforeTest nevigateToURL -->
  <testcase classname="flipkart_project.utilities.BasePage" name="@BeforeTest nevigateToURL" time="0.0">
    <ignored/>
  </testcase> <!-- @BeforeTest nevigateToURL -->
  <testcase classname="flipkart_project.utilities.BasePage" name="@BeforeTest nevigateToURL" time="0.0">
    <ignored/>
  </testcase> <!-- @BeforeTest nevigateToURL -->
  <testcase classname="flipkart_project.utilities.BasePage" name="@AfterSuite closeURL" time="0.0">
    <ignored/>
  </testcase> <!-- @AfterSuite closeURL -->
  <testcase classname="flipkart_project.utilities.BasePage" name="@AfterSuite closeURL" time="0.0">
    <ignored/>
  </testcase> <!-- @AfterSuite closeURL -->
  <testcase classname="flipkart_project.utilities.BasePage" name="@AfterSuite closeURL" time="0.0">
    <ignored/>
  </testcase> <!-- @AfterSuite closeURL -->
  <testcase classname="flipkart_project.utilities.BasePage" name="@AfterSuite closeURL" time="0.0">
    <ignored/>
  </testcase> <!-- @AfterSuite closeURL -->
  <testcase classname="flipkart_project.utilities.BasePage" name="@AfterSuite closeURL" time="0.0">
    <ignored/>
  </testcase> <!-- @AfterSuite closeURL -->
  <testcase classname="flipkart_project.utilities.BasePage" name="@AfterSuite closeURL" time="0.0">
    <ignored/>
  </testcase> <!-- @AfterSuite closeURL -->
  <testcase classname="flipkart_project.utilities.BasePage" name="@AfterSuite closeURL" time="0.0">
    <ignored/>
  </testcase> <!-- @AfterSuite closeURL -->
  <testcase classname="flipkart_project.utilities.BasePage" name="@AfterSuite closeURL" time="0.0">
    <ignored/>
  </testcase> <!-- @AfterSuite closeURL -->
  <testcase classname="flipkart_project.utilities.BasePage" name="@AfterSuite closeURL" time="0.0">
    <ignored/>
  </testcase> <!-- @AfterSuite closeURL -->
  <testcase classname="flipkart_project.utilities.BasePage" name="@AfterSuite closeURL" time="0.0">
    <ignored/>
  </testcase> <!-- @AfterSuite closeURL -->
  <testcase classname="flipkart_project.utilities.BasePage" name="@AfterSuite closeURL" time="0.0">
    <ignored/>
  </testcase> <!-- @AfterSuite closeURL -->
  <testcase classname="flipkart_project.utilities.BasePage" name="@AfterSuite closeURL" time="0.0">
    <ignored/>
  </testcase> <!-- @AfterSuite closeURL -->
  <testcase classname="flipkart_project.utilities.BasePage" name="@AfterSuite closeURL" time="0.0">
    <ignored/>
  </testcase> <!-- @AfterSuite closeURL -->
  <testcase classname="flipkart_project.utilities.BasePage" name="@AfterSuite closeURL" time="0.0">
    <ignored/>
  </testcase> <!-- @AfterSuite closeURL -->
  <testcase classname="flipkart_project.utilities.BasePage" name="@AfterSuite closeURL" time="0.0">
    <ignored/>
  </testcase> <!-- @AfterSuite closeURL -->
  <testcase classname="flipkart_project.utilities.BasePage" name="@AfterSuite closeURL" time="0.0">
    <ignored/>
  </testcase> <!-- @AfterSuite closeURL -->
  <testcase classname="flipkart_project.utilities.BasePage" name="@AfterSuite closeURL" time="0.0">
    <ignored/>
  </testcase> <!-- @AfterSuite closeURL -->
  <testcase classname="flipkart_project.utilities.BasePage" name="@AfterSuite closeURL" time="0.0">
    <ignored/>
  </testcase> <!-- @AfterSuite closeURL -->
</testsuite> <!-- chromeTest -->
