<!DOCTYPE html PUBLIC "-//W3C//DTD XHTML 1.1//EN" "https://www.w3.org/TR/xhtml11/DTD/xhtml11.dtd">
<html xmlns="https://www.w3.org/1999/xhtml">
<head>
<meta http-equiv="content-type" content="text/html; charset=UTF-8"/>
<title>TestNG Report</title>
<style type="text/css">table {margin-bottom:10px;border-collapse:collapse;empty-cells:show}th,td {border:1px solid #009;padding:.25em .5em}th {vertical-align:bottom}td {vertical-align:top}table a {font-weight:bold}.stripe td {background-color: #E6EBF9}.num {text-align:right}.passedodd td {background-color: #3F3}.passedeven td {background-color: #0A0}.skippedodd td {background-color: #DDD}.skippedeven td {background-color: #CCC}.failedodd td,.attn {background-color: #F33}.failedeven td,.stripe .attn {background-color: #D00}.stacktrace {white-space:pre;font-family:monospace}.totop {font-size:85%;text-align:center;border-bottom:2px solid #000}.invisible {display:none}</style>
</head>
<body>
<table>
<tr><th>Test</th><th># Passed</th><th># Skipped</th><th># Retried</th><th># Failed</th><th>Time (ms)</th><th>Included Groups</th><th>Excluded Groups</th></tr>
<tr><th colspan="8">DEFE_project</th></tr>
<tr><td><a href="#t0">chromeTest</a></td><td class="num">13</td><td class="num">0</td><td class="num">0</td><td class="num attn">6</td><td class="num">213,022</td><td></td><td></td></tr>
</table>
<table id='summary'><thead><tr><th>Class</th><th>Method</th><th>Start</th><th>Time (ms)</th></tr></thead><tbody><tr><th colspan="4">DEFE_project</th></tr></tbody><tbody id="t0"><tr><th colspan="4">chromeTest &#8212; failed</th></tr><tr class="failedeven"><td rowspan="1">flipkart.testcases.cartBtn__Test</td><td><a href="#m0">cartbtnTest</a></td><td rowspan="1">1673252454975</td><td rowspan="1">5066</td></tr><tr class="failedodd"><td rowspan="1">flipkart.testcases.compareFeature__Test</td><td><a href="#m1">compareTwoProduct</a></td><td rowspan="1">1673252558512</td><td rowspan="1">661</td></tr><tr class="failedeven"><td rowspan="1">flipkart.testcases.flipkartAssuredProduct__Test</td><td><a href="#m2">flipkartAssuredProduc</a></td><td rowspan="1">1673252557187</td><td rowspan="1">1021</td></tr><tr class="failedodd"><td rowspan="1">flipkart.testcases.groceryTab__Test</td><td><a href="#m3">groceryitem</a></td><td rowspan="1">1673252407351</td><td rowspan="1">6788</td></tr><tr class="failedeven"><td rowspan="1">flipkart.testcases.mobileTab__Test</td><td><a href="#m4">mobileTabTest</a></td><td rowspan="1">1673252414596</td><td rowspan="1">5052</td></tr><tr class="failedodd"><td rowspan="1">flipkart.testcases.productSearch__Test</td><td><a href="#m5">productsearchTest</a></td><td rowspan="1">1673252420077</td><td rowspan="1">34463</td></tr><tr><th colspan="4">chromeTest &#8212; passed</th></tr><tr class="passedeven"><td rowspan="1">flipkart.testcases.appliancesBtn__Test</td><td><a href="#m6">appliancesTest</a></td><td rowspan="1">1673252551391</td><td rowspan="1">5760</td></tr><tr class="passedodd"><td rowspan="1">flipkart.testcases.customerCare__Test</td><td><a href="#m7">customerhelp</a></td><td rowspan="1">1673252401922</td><td rowspan="1">5348</td></tr><tr class="passedeven"><td rowspan="1">flipkart.testcases.explosePlus_btn__Test</td><td><a href="#m8">exploreplusbtn_test</a></td><td rowspan="1">1673252498270</td><td rowspan="1">5965</td></tr><tr class="passedodd"><td rowspan="1">flipkart.testcases.flightSearch__Test</td><td><a href="#m9">flightSearch</a></td><td rowspan="1">1673252467982</td><td rowspan="1">5230</td></tr><tr class="passedeven"><td rowspan="1">flipkart.testcases.flipKartPlus__Test</td><td><a href="#m10">flipkartPlus_Page</a></td><td rowspan="1">1673252393538</td><td rowspan="1">8293</td></tr><tr class="passedodd"><td rowspan="1">flipkart.testcases.flipkartCareer__Test</td><td><a href="#m11">careerTest</a></td><td rowspan="1">1673252541581</td><td rowspan="1">9781</td></tr><tr class="passedeven"><td rowspan="1">flipkart.testcases.flipkartLogin_Test</td><td><a href="#m12">loginFunction</a></td><td rowspan="1">1673252392450</td><td rowspan="1">749</td></tr><tr class="passedodd"><td rowspan="1">flipkart.testcases.giftCard__Test</td><td><a href="#m13">giftcard</a></td><td rowspan="1">1673252460361</td><td rowspan="1">7560</td></tr><tr class="passedeven"><td rowspan="1">flipkart.testcases.pressBtn_Special__ExploreMap_Test</td><td><a href="#m14">pressBtn_ExploreMap</a></td><td rowspan="1">1673252527807</td><td rowspan="1">13741</td></tr><tr class="passedodd"><td rowspan="1">flipkart.testcases.pressBtn__Test</td><td><a href="#m15">pressbtnTest</a></td><td rowspan="1">1673252504294</td><td rowspan="1">23470</td></tr><tr class="passedeven"><td rowspan="1">flipkart.testcases.seller_faqs__Test</td><td><a href="#m16">sellerfaqs</a></td><td rowspan="1">1673252484622</td><td rowspan="1">7509</td></tr><tr class="passedodd"><td rowspan="1">flipkart.testcases.seller_feeStructure__Test</td><td><a href="#m17">sellerFeeStructure</a></td><td rowspan="1">1673252473274</td><td rowspan="1">11304</td></tr><tr class="passedeven"><td rowspan="1">flipkart.testcases.twoWheelerTab__Test</td><td><a href="#m18">twoWheelertest</a></td><td rowspan="1">1673252492175</td><td rowspan="1">6046</td></tr></tbody>
</table>
<h2>chromeTest</h2><h3 id="m0">flipkart.testcases.cartBtn__Test#cartbtnTest</h3><table class="result"><tr><th>Exception</th></tr><tr><td><div class="stacktrace">org.openqa.selenium.NoSuchElementException: no such element: Unable to locate element: {&quot;method&quot;:&quot;xpath&quot;,&quot;selector&quot;:&quot;/html/body/div[1]/div/div[1]/div[1]/div[2]/div[6]/div/div/a&quot;}
  (Session info: chrome=108.0.5359.125)
For documentation on this error, please visit: https://www.seleniumhq.org/exceptions/no_such_element.html
Build info: version: &apos;3.141.59&apos;, revision: &apos;e82be7d358&apos;, time: &apos;2018-11-14T08:17:03&apos;
System info: host: &apos;IN-PG02NKK7&apos;, ip: &apos;192.168.1.3&apos;, os.name: &apos;Windows 10&apos;, os.arch: &apos;amd64&apos;, os.version: &apos;10.0&apos;, java.version: &apos;11.0.1&apos;
Driver info: org.openqa.selenium.chrome.ChromeDriver
Capabilities {acceptInsecureCerts: false, browserName: chrome, browserVersion: 108.0.5359.125, chrome: {chromedriverVersion: 108.0.5359.71 (1e0e3868ee06..., userDataDir: C:\Users\HRITIK~1\AppData\L...}, goog:chromeOptions: {debuggerAddress: localhost:60706}, javascriptEnabled: true, networkConnectionEnabled: false, pageLoadStrategy: normal, platform: WINDOWS, platformName: WINDOWS, proxy: Proxy(), setWindowRect: true, strictFileInteractability: false, timeouts: {implicit: 0, pageLoad: 300000, script: 30000}, unhandledPromptBehavior: dismiss and notify, webauthn:extension:credBlob: true, webauthn:extension:largeBlob: true, webauthn:virtualAuthenticators: true}
Session ID: 938c6d226f45a656d8923626d4b12832
*** Element info: {Using=xpath, value=/html/body/div[1]/div/div[1]/div[1]/div[2]/div[6]/div/div/a}
	at org.openqa.selenium.remote.http.W3CHttpResponseCodec.createException(W3CHttpResponseCodec.java:187)
	at org.openqa.selenium.remote.http.W3CHttpResponseCodec.decode(W3CHttpResponseCodec.java:122)
	at org.openqa.selenium.remote.http.W3CHttpResponseCodec.decode(W3CHttpResponseCodec.java:49)
	at org.openqa.selenium.remote.HttpCommandExecutor.execute(HttpCommandExecutor.java:158)
	at org.openqa.selenium.remote.service.DriverCommandExecutor.execute(DriverCommandExecutor.java:83)
	at org.openqa.selenium.remote.RemoteWebDriver.execute(RemoteWebDriver.java:552)
	at org.openqa.selenium.remote.RemoteWebDriver.findElement(RemoteWebDriver.java:323)
	at org.openqa.selenium.remote.RemoteWebDriver.findElementByXPath(RemoteWebDriver.java:428)
	at org.openqa.selenium.By$ByXPath.findElement(By.java:353)
	at org.openqa.selenium.remote.RemoteWebDriver.findElement(RemoteWebDriver.java:315)
	at org.openqa.selenium.support.pagefactory.DefaultElementLocator.findElement(DefaultElementLocator.java:69)
	at org.openqa.selenium.support.pagefactory.internal.LocatingElementHandler.invoke(LocatingElementHandler.java:38)
	at com.sun.proxy.$Proxy15.click(Unknown Source)
	at flipkart_project.pages.cartBtn__Page.cartbtnpage(cartBtn__Page.java:33)
	at flipkart.testcases.cartBtn__Test.cartbtnTest(cartBtn__Test.java:17)
	at java.base/java.util.ArrayList.forEach(ArrayList.java:1540)
... Removed 31 stack frames</div></td></tr></table><p class="totop"><a href="#summary">back to summary</a></p>
<h3 id="m1">flipkart.testcases.compareFeature__Test#compareTwoProduct</h3><table class="result"><tr><th>Exception</th></tr><tr><td><div class="stacktrace">org.openqa.selenium.StaleElementReferenceException: stale element reference: element is not attached to the page document
  (Session info: chrome=108.0.5359.125)
For documentation on this error, please visit: https://www.seleniumhq.org/exceptions/stale_element_reference.html
Build info: version: &apos;3.141.59&apos;, revision: &apos;e82be7d358&apos;, time: &apos;2018-11-14T08:17:03&apos;
System info: host: &apos;IN-PG02NKK7&apos;, ip: &apos;192.168.1.3&apos;, os.name: &apos;Windows 10&apos;, os.arch: &apos;amd64&apos;, os.version: &apos;10.0&apos;, java.version: &apos;11.0.1&apos;
Driver info: org.openqa.selenium.chrome.ChromeDriver
Capabilities {acceptInsecureCerts: false, browserName: chrome, browserVersion: 108.0.5359.125, chrome: {chromedriverVersion: 108.0.5359.71 (1e0e3868ee06..., userDataDir: C:\Users\HRITIK~1\AppData\L...}, goog:chromeOptions: {debuggerAddress: localhost:60706}, javascriptEnabled: true, networkConnectionEnabled: false, pageLoadStrategy: normal, platform: WINDOWS, platformName: WINDOWS, proxy: Proxy(), setWindowRect: true, strictFileInteractability: false, timeouts: {implicit: 0, pageLoad: 300000, script: 30000}, unhandledPromptBehavior: dismiss and notify, webauthn:extension:credBlob: true, webauthn:extension:largeBlob: true, webauthn:virtualAuthenticators: true}
Session ID: 938c6d226f45a656d8923626d4b12832
	at org.openqa.selenium.remote.http.W3CHttpResponseCodec.createException(W3CHttpResponseCodec.java:187)
	at org.openqa.selenium.remote.http.W3CHttpResponseCodec.decode(W3CHttpResponseCodec.java:122)
	at org.openqa.selenium.remote.http.W3CHttpResponseCodec.decode(W3CHttpResponseCodec.java:49)
	at org.openqa.selenium.remote.HttpCommandExecutor.execute(HttpCommandExecutor.java:158)
	at org.openqa.selenium.remote.service.DriverCommandExecutor.execute(DriverCommandExecutor.java:83)
	at org.openqa.selenium.remote.RemoteWebDriver.execute(RemoteWebDriver.java:552)
	at org.openqa.selenium.remote.RemoteWebElement.execute(RemoteWebElement.java:285)
	at org.openqa.selenium.remote.RemoteWebElement.click(RemoteWebElement.java:84)
	at org.openqa.selenium.support.pagefactory.internal.LocatingElementHandler.invoke(LocatingElementHandler.java:51)
	at com.sun.proxy.$Proxy15.click(Unknown Source)
	at flipkart_project.pages.compareFeature__Page.compareFeaturePage(compareFeature__Page.java:46)
	at flipkart.testcases.compareFeature__Test.compareTwoProduct(compareFeature__Test.java:19)
	at java.base/java.util.ArrayList.forEach(ArrayList.java:1540)
... Removed 34 stack frames</div></td></tr></table><p class="totop"><a href="#summary">back to summary</a></p>
<h3 id="m2">flipkart.testcases.flipkartAssuredProduct__Test#flipkartAssuredProduc</h3><table class="result"><tr><th>Exception</th></tr><tr><td><div class="stacktrace">java.lang.AssertionError: expected [APPLE 2020 Macbook Air M1 - (8 GB/256 GB SSD/Mac OS Big Sur) MGN93HN/A] but found [APPLE 2020 Macbook Air M1 - (8 GB/256 GB SSD/Mac OS Big Sur) MGN63HN/A]
	at flipkart.testcases.flipkartAssuredProduct__Test.flipkartAssuredProduc(flipkartAssuredProduct__Test.java:22)
	at java.base/java.util.ArrayList.forEach(ArrayList.java:1540)
... Removed 33 stack frames</div></td></tr></table><p class="totop"><a href="#summary">back to summary</a></p>
<h3 id="m3">flipkart.testcases.groceryTab__Test#groceryitem</h3><table class="result"><tr><th>Exception</th></tr><tr><td><div class="stacktrace">java.lang.AssertionError: expected [Flipkart Supermart Select Horse Gram] but found [Masoor Dal (Split)]
	at flipkart.testcases.groceryTab__Test.groceryitem(groceryTab__Test.java:24)
	at java.base/java.util.ArrayList.forEach(ArrayList.java:1540)
... Removed 33 stack frames</div></td></tr></table><p class="totop"><a href="#summary">back to summary</a></p>
<h3 id="m4">flipkart.testcases.mobileTab__Test#mobileTabTest</h3><table class="result"><tr><th>Exception</th></tr><tr><td><div class="stacktrace">org.openqa.selenium.NoSuchElementException: no such element: Unable to locate element: {&quot;method&quot;:&quot;xpath&quot;,&quot;selector&quot;:&quot;/html/body/div/div/div[2]/div/div/div[2]/a/div[1]/div/img&quot;}
  (Session info: chrome=108.0.5359.125)
For documentation on this error, please visit: https://www.seleniumhq.org/exceptions/no_such_element.html
Build info: version: &apos;3.141.59&apos;, revision: &apos;e82be7d358&apos;, time: &apos;2018-11-14T08:17:03&apos;
System info: host: &apos;IN-PG02NKK7&apos;, ip: &apos;192.168.1.3&apos;, os.name: &apos;Windows 10&apos;, os.arch: &apos;amd64&apos;, os.version: &apos;10.0&apos;, java.version: &apos;11.0.1&apos;
Driver info: org.openqa.selenium.chrome.ChromeDriver
Capabilities {acceptInsecureCerts: false, browserName: chrome, browserVersion: 108.0.5359.125, chrome: {chromedriverVersion: 108.0.5359.71 (1e0e3868ee06..., userDataDir: C:\Users\HRITIK~1\AppData\L...}, goog:chromeOptions: {debuggerAddress: localhost:60706}, javascriptEnabled: true, networkConnectionEnabled: false, pageLoadStrategy: normal, platform: WINDOWS, platformName: WINDOWS, proxy: Proxy(), setWindowRect: true, strictFileInteractability: false, timeouts: {implicit: 0, pageLoad: 300000, script: 30000}, unhandledPromptBehavior: dismiss and notify, webauthn:extension:credBlob: true, webauthn:extension:largeBlob: true, webauthn:virtualAuthenticators: true}
Session ID: 938c6d226f45a656d8923626d4b12832
*** Element info: {Using=xpath, value=/html/body/div/div/div[2]/div/div/div[2]/a/div[1]/div/img}
	at org.openqa.selenium.remote.http.W3CHttpResponseCodec.createException(W3CHttpResponseCodec.java:187)
	at org.openqa.selenium.remote.http.W3CHttpResponseCodec.decode(W3CHttpResponseCodec.java:122)
	at org.openqa.selenium.remote.http.W3CHttpResponseCodec.decode(W3CHttpResponseCodec.java:49)
	at org.openqa.selenium.remote.HttpCommandExecutor.execute(HttpCommandExecutor.java:158)
	at org.openqa.selenium.remote.service.DriverCommandExecutor.execute(DriverCommandExecutor.java:83)
	at org.openqa.selenium.remote.RemoteWebDriver.execute(RemoteWebDriver.java:552)
	at org.openqa.selenium.remote.RemoteWebDriver.findElement(RemoteWebDriver.java:323)
	at org.openqa.selenium.remote.RemoteWebDriver.findElementByXPath(RemoteWebDriver.java:428)
	at org.openqa.selenium.By$ByXPath.findElement(By.java:353)
	at org.openqa.selenium.remote.RemoteWebDriver.findElement(RemoteWebDriver.java:315)
	at org.openqa.selenium.support.pagefactory.DefaultElementLocator.findElement(DefaultElementLocator.java:69)
	at org.openqa.selenium.support.pagefactory.internal.LocatingElementHandler.invoke(LocatingElementHandler.java:38)
	at com.sun.proxy.$Proxy15.click(Unknown Source)
	at flipkart_project.pages.mobileTab__Page.mobileTab(mobileTab__Page.java:37)
	at flipkart.testcases.mobileTab__Test.mobileTabTest(mobileTab__Test.java:18)
	at java.base/java.util.ArrayList.forEach(ArrayList.java:1540)
... Removed 31 stack frames</div></td></tr></table><p class="totop"><a href="#summary">back to summary</a></p>
<h3 id="m5">flipkart.testcases.productSearch__Test#productsearchTest</h3><table class="result"><tr><th>Exception</th></tr><tr><td><div class="stacktrace">org.openqa.selenium.TimeoutException: Expected condition failed: waiting for title to contain &quot;MI 5A TV- Buy Products Online at Best Price in India - All Categories | Flipkart.com					 		&quot;. Current title: &quot;MI 5A TV- Buy Products Online at Best Price in India - All Categories | Flipkart.com&quot; (tried for 30 second(s) with 500 milliseconds interval)
Build info: version: &apos;3.141.59&apos;, revision: &apos;e82be7d358&apos;, time: &apos;2018-11-14T08:17:03&apos;
System info: host: &apos;IN-PG02NKK7&apos;, ip: &apos;192.168.1.3&apos;, os.name: &apos;Windows 10&apos;, os.arch: &apos;amd64&apos;, os.version: &apos;10.0&apos;, java.version: &apos;11.0.1&apos;
Driver info: org.openqa.selenium.chrome.ChromeDriver
Capabilities {acceptInsecureCerts: false, browserName: chrome, browserVersion: 108.0.5359.125, chrome: {chromedriverVersion: 108.0.5359.71 (1e0e3868ee06..., userDataDir: C:\Users\HRITIK~1\AppData\L...}, goog:chromeOptions: {debuggerAddress: localhost:60706}, javascriptEnabled: true, networkConnectionEnabled: false, pageLoadStrategy: normal, platform: WINDOWS, platformName: WINDOWS, proxy: Proxy(), setWindowRect: true, strictFileInteractability: false, timeouts: {implicit: 0, pageLoad: 300000, script: 30000}, unhandledPromptBehavior: dismiss and notify, webauthn:extension:credBlob: true, webauthn:extension:largeBlob: true, webauthn:virtualAuthenticators: true}
Session ID: 938c6d226f45a656d8923626d4b12832
	at org.openqa.selenium.support.ui.WebDriverWait.timeoutException(WebDriverWait.java:95)
	at org.openqa.selenium.support.ui.FluentWait.until(FluentWait.java:272)
	at flipkart_project.pages.productSearch__Page.productsearch(productSearch__Page.java:41)
	at flipkart.testcases.productSearch__Test.productsearchTest(productSearch__Test.java:18)
	at java.base/java.util.ArrayList.forEach(ArrayList.java:1540)
... Removed 27 stack frames</div></td></tr></table><p class="totop"><a href="#summary">back to summary</a></p>
<h3 id="m6">flipkart.testcases.appliancesBtn__Test#appliancesTest</h3><table class="result"><tr><th class="invisible"/></tr></table><p class="totop"><a href="#summary">back to summary</a></p>
<h3 id="m7">flipkart.testcases.customerCare__Test#customerhelp</h3><table class="result"><tr><th class="invisible"/></tr></table><p class="totop"><a href="#summary">back to summary</a></p>
<h3 id="m8">flipkart.testcases.explosePlus_btn__Test#exploreplusbtn_test</h3><table class="result"><tr><th class="invisible"/></tr></table><p class="totop"><a href="#summary">back to summary</a></p>
<h3 id="m9">flipkart.testcases.flightSearch__Test#flightSearch</h3><table class="result"><tr><th class="invisible"/></tr></table><p class="totop"><a href="#summary">back to summary</a></p>
<h3 id="m10">flipkart.testcases.flipKartPlus__Test#flipkartPlus_Page</h3><table class="result"><tr><th class="invisible"/></tr></table><p class="totop"><a href="#summary">back to summary</a></p>
<h3 id="m11">flipkart.testcases.flipkartCareer__Test#careerTest</h3><table class="result"><tr><th class="invisible"/></tr></table><p class="totop"><a href="#summary">back to summary</a></p>
<h3 id="m12">flipkart.testcases.flipkartLogin_Test#loginFunction</h3><table class="result"><tr><th class="invisible"/></tr></table><p class="totop"><a href="#summary">back to summary</a></p>
<h3 id="m13">flipkart.testcases.giftCard__Test#giftcard</h3><table class="result"><tr><th class="invisible"/></tr></table><p class="totop"><a href="#summary">back to summary</a></p>
<h3 id="m14">flipkart.testcases.pressBtn_Special__ExploreMap_Test#pressBtn_ExploreMap</h3><table class="result"><tr><th class="invisible"/></tr></table><p class="totop"><a href="#summary">back to summary</a></p>
<h3 id="m15">flipkart.testcases.pressBtn__Test#pressbtnTest</h3><table class="result"><tr><th class="invisible"/></tr></table><p class="totop"><a href="#summary">back to summary</a></p>
<h3 id="m16">flipkart.testcases.seller_faqs__Test#sellerfaqs</h3><table class="result"><tr><th class="invisible"/></tr></table><p class="totop"><a href="#summary">back to summary</a></p>
<h3 id="m17">flipkart.testcases.seller_feeStructure__Test#sellerFeeStructure</h3><table class="result"><tr><th class="invisible"/></tr></table><p class="totop"><a href="#summary">back to summary</a></p>
<h3 id="m18">flipkart.testcases.twoWheelerTab__Test#twoWheelertest</h3><table class="result"><tr><th class="invisible"/></tr></table><p class="totop"><a href="#summary">back to summary</a></p>
</body>
</html>
