<?xml version="1.0" encoding="UTF-8"?>
<testng-results ignored="54" total="73" passed="13" failed="6" skipped="0">
  <reporter-output>
  </reporter-output>
  <suite started-at="2023-01-09T13:49:06 IST" name="DEFE_project" finished-at="2023-01-09T13:52:39 IST" duration-ms="213022">
    <groups>
    </groups>
    <test started-at="2023-01-09T13:49:06 IST" name="chromeTest" finished-at="2023-01-09T13:52:39 IST" duration-ms="213022">
      <class name="flipkart.testcases.compareFeature__Test">
        <test-method is-config="true" signature="startTest(java.lang.reflect.Method)[pri:0, instance:flipkart.testcases.compareFeature__Test@c88a337]" started-at="2023-01-09T13:52:38 IST" name="startTest" finished-at="2023-01-09T13:52:38 IST" duration-ms="0" status="PASS">
          <params>
            <param index="0">
              <value>
                <![CDATA[public void flipkart.testcases.compareFeature__Test.compareTwoProduct() throws java.lang.InterruptedException]]>
              </value>
            </param>
          </params>
          <reporter-output>
          </reporter-output>
        </test-method> <!-- startTest -->
        <test-method signature="compareTwoProduct()[pri:0, instance:flipkart.testcases.compareFeature__Test@c88a337]" started-at="2023-01-09T13:52:38 IST" name="compareTwoProduct" description="T" finished-at="2023-01-09T13:52:39 IST" duration-ms="661" status="FAIL">
          <exception class="org.openqa.selenium.StaleElementReferenceException">
            <message>
              <![CDATA[stale element reference: element is not attached to the page document
  (Session info: chrome=108.0.5359.125)
For documentation on this error, please visit: https://www.seleniumhq.org/exceptions/stale_element_reference.html
Build info: version: '3.141.59', revision: 'e82be7d358', time: '2018-11-14T08:17:03'
System info: host: 'IN-PG02NKK7', ip: '192.168.1.3', os.name: 'Windows 10', os.arch: 'amd64', os.version: '10.0', java.version: '11.0.1'
Driver info: org.openqa.selenium.chrome.ChromeDriver
Capabilities {acceptInsecureCerts: false, browserName: chrome, browserVersion: 108.0.5359.125, chrome: {chromedriverVersion: 108.0.5359.71 (1e0e3868ee06..., userDataDir: C:\Users\HRITIK~1\AppData\L...}, goog:chromeOptions: {debuggerAddress: localhost:60706}, javascriptEnabled: true, networkConnectionEnabled: false, pageLoadStrategy: normal, platform: WINDOWS, platformName: WINDOWS, proxy: Proxy(), setWindowRect: true, strictFileInteractability: false, timeouts: {implicit: 0, pageLoad: 300000, script: 30000}, unhandledPromptBehavior: dismiss and notify, webauthn:extension:credBlob: true, webauthn:extension:largeBlob: true, webauthn:virtualAuthenticators: true}
Session ID: 938c6d226f45a656d8923626d4b12832]]>
            </message>
            <full-stacktrace>
              <![CDATA[org.openqa.selenium.StaleElementReferenceException: stale element reference: element is not attached to the page document
  (Session info: chrome=108.0.5359.125)
For documentation on this error, please visit: https://www.seleniumhq.org/exceptions/stale_element_reference.html
Build info: version: '3.141.59', revision: 'e82be7d358', time: '2018-11-14T08:17:03'
System info: host: 'IN-PG02NKK7', ip: '192.168.1.3', os.name: 'Windows 10', os.arch: 'amd64', os.version: '10.0', java.version: '11.0.1'
Driver info: org.openqa.selenium.chrome.ChromeDriver
Capabilities {acceptInsecureCerts: false, browserName: chrome, browserVersion: 108.0.5359.125, chrome: {chromedriverVersion: 108.0.5359.71 (1e0e3868ee06..., userDataDir: C:\Users\HRITIK~1\AppData\L...}, goog:chromeOptions: {debuggerAddress: localhost:60706}, javascriptEnabled: true, networkConnectionEnabled: false, pageLoadStrategy: normal, platform: WINDOWS, platformName: WINDOWS, proxy: Proxy(), setWindowRect: true, strictFileInteractability: false, timeouts: {implicit: 0, pageLoad: 300000, script: 30000}, unhandledPromptBehavior: dismiss and notify, webauthn:extension:credBlob: true, webauthn:extension:largeBlob: true, webauthn:virtualAuthenticators: true}
Session ID: 938c6d226f45a656d8923626d4b12832
at java.base/jdk.internal.reflect.NativeConstructorAccessorImpl.newInstance0(Native Method)
at java.base/jdk.internal.reflect.NativeConstructorAccessorImpl.newInstance(NativeConstructorAccessorImpl.java:62)
at java.base/jdk.internal.reflect.DelegatingConstructorAccessorImpl.newInstance(DelegatingConstructorAccessorImpl.java:45)
at java.base/java.lang.reflect.Constructor.newInstance(Constructor.java:490)
at org.openqa.selenium.remote.http.W3CHttpResponseCodec.createException(W3CHttpResponseCodec.java:187)
at org.openqa.selenium.remote.http.W3CHttpResponseCodec.decode(W3CHttpResponseCodec.java:122)
at org.openqa.selenium.remote.http.W3CHttpResponseCodec.decode(W3CHttpResponseCodec.java:49)
at org.openqa.selenium.remote.HttpCommandExecutor.execute(HttpCommandExecutor.java:158)
at org.openqa.selenium.remote.service.DriverCommandExecutor.execute(DriverCommandExecutor.java:83)
at org.openqa.selenium.remote.RemoteWebDriver.execute(RemoteWebDriver.java:552)
at org.openqa.selenium.remote.RemoteWebElement.execute(RemoteWebElement.java:285)
at org.openqa.selenium.remote.RemoteWebElement.click(RemoteWebElement.java:84)
at jdk.internal.reflect.GeneratedMethodAccessor27.invoke(Unknown Source)
at java.base/jdk.internal.reflect.DelegatingMethodAccessorImpl.invoke(DelegatingMethodAccessorImpl.java:43)
at java.base/java.lang.reflect.Method.invoke(Method.java:566)
at org.openqa.selenium.support.pagefactory.internal.LocatingElementHandler.invoke(LocatingElementHandler.java:51)
at com.sun.proxy.$Proxy15.click(Unknown Source)
at flipkart_project.pages.compareFeature__Page.compareFeaturePage(compareFeature__Page.java:46)
at flipkart.testcases.compareFeature__Test.compareTwoProduct(compareFeature__Test.java:19)
at java.base/jdk.internal.reflect.NativeMethodAccessorImpl.invoke0(Native Method)
at java.base/jdk.internal.reflect.NativeMethodAccessorImpl.invoke(NativeMethodAccessorImpl.java:62)
at java.base/jdk.internal.reflect.DelegatingMethodAccessorImpl.invoke(DelegatingMethodAccessorImpl.java:43)
at java.base/java.lang.reflect.Method.invoke(Method.java:566)
at org.testng.internal.MethodInvocationHelper.invokeMethod(MethodInvocationHelper.java:133)
at org.testng.internal.TestInvoker.invokeMethod(TestInvoker.java:598)
at org.testng.internal.TestInvoker.invokeTestMethod(TestInvoker.java:173)
at org.testng.internal.MethodRunner.runInSequence(MethodRunner.java:46)
at org.testng.internal.TestInvoker$MethodInvocationAgent.invoke(TestInvoker.java:824)
at org.testng.internal.TestInvoker.invokeTestMethods(TestInvoker.java:146)
at org.testng.internal.TestMethodWorker.invokeTestMethods(TestMethodWorker.java:146)
at org.testng.internal.TestMethodWorker.run(TestMethodWorker.java:128)
at java.base/java.util.ArrayList.forEach(ArrayList.java:1540)
at org.testng.TestRunner.privateRun(TestRunner.java:794)
at org.testng.TestRunner.run(TestRunner.java:596)
at org.testng.SuiteRunner.runTest(SuiteRunner.java:377)
at org.testng.SuiteRunner.runSequentially(SuiteRunner.java:371)
at org.testng.SuiteRunner.privateRun(SuiteRunner.java:332)
at org.testng.SuiteRunner.run(SuiteRunner.java:276)
at org.testng.SuiteRunnerWorker.runSuite(SuiteRunnerWorker.java:53)
at org.testng.SuiteRunnerWorker.run(SuiteRunnerWorker.java:96)
at org.testng.TestNG.runSuitesSequentially(TestNG.java:1212)
at org.testng.TestNG.runSuitesLocally(TestNG.java:1134)
at org.testng.TestNG.runSuites(TestNG.java:1063)
at org.testng.TestNG.run(TestNG.java:1031)
at org.testng.remote.AbstractRemoteTestNG.run(AbstractRemoteTestNG.java:115)
at org.testng.remote.RemoteTestNG.initAndRun(RemoteTestNG.java:251)
at org.testng.remote.RemoteTestNG.main(RemoteTestNG.java:77)
]]>
            </full-stacktrace>
          </exception> <!-- org.openqa.selenium.StaleElementReferenceException -->
          <reporter-output>
          </reporter-output>
        </test-method> <!-- compareTwoProduct -->
        <test-method is-config="true" signature="status(org.testng.ITestResult)[pri:0, instance:flipkart.testcases.compareFeature__Test@c88a337]" started-at="2023-01-09T13:52:39 IST" name="status" finished-at="2023-01-09T13:52:39 IST" duration-ms="204" status="PASS">
          <params>
            <param index="0">
              <value>
                <![CDATA[[TestResult name=compareTwoProduct status=FAILURE method=compareFeature__Test.compareTwoProduct()[pri:0, instance:flipkart.testcases.compareFeature__Test@c88a337] output={null}]]]>
              </value>
            </param>
          </params>
          <reporter-output>
          </reporter-output>
        </test-method> <!-- status -->
      </class> <!-- flipkart.testcases.compareFeature__Test -->
      <class name="flipkart.testcases.pressBtn_Special__ExploreMap_Test">
        <test-method is-config="true" signature="startTest(java.lang.reflect.Method)[pri:0, instance:flipkart.testcases.pressBtn_Special__ExploreMap_Test@2ed2d9cb]" started-at="2023-01-09T13:52:07 IST" name="startTest" finished-at="2023-01-09T13:52:07 IST" duration-ms="2" status="PASS">
          <params>
            <param index="0">
              <value>
                <![CDATA[public void flipkart.testcases.pressBtn_Special__ExploreMap_Test.pressBtn_ExploreMap() throws java.lang.InterruptedException]]>
              </value>
            </param>
          </params>
          <reporter-output>
          </reporter-output>
        </test-method> <!-- startTest -->
        <test-method signature="pressBtn_ExploreMap()[pri:0, instance:flipkart.testcases.pressBtn_Special__ExploreMap_Test@2ed2d9cb]" started-at="2023-01-09T13:52:07 IST" name="pressBtn_ExploreMap" description="P" finished-at="2023-01-09T13:52:21 IST" duration-ms="13741" status="PASS">
          <reporter-output>
          </reporter-output>
        </test-method> <!-- pressBtn_ExploreMap -->
        <test-method is-config="true" signature="status(org.testng.ITestResult)[pri:0, instance:flipkart.testcases.pressBtn_Special__ExploreMap_Test@2ed2d9cb]" started-at="2023-01-09T13:52:21 IST" name="status" finished-at="2023-01-09T13:52:21 IST" duration-ms="25" status="PASS">
          <params>
            <param index="0">
              <value>
                <![CDATA[[TestResult name=pressBtn_ExploreMap status=SUCCESS method=pressBtn_Special__ExploreMap_Test.pressBtn_ExploreMap()[pri:0, instance:flipkart.testcases.pressBtn_Special__ExploreMap_Test@2ed2d9cb] output={null}]]]>
              </value>
            </param>
          </params>
          <reporter-output>
          </reporter-output>
        </test-method> <!-- status -->
      </class> <!-- flipkart.testcases.pressBtn_Special__ExploreMap_Test -->
      <class name="flipkart.testcases.giftCard__Test">
        <test-method signature="giftcard()[pri:0, instance:flipkart.testcases.giftCard__Test@6fd83fc1]" started-at="2023-01-09T13:51:00 IST" name="giftcard" description="H" finished-at="2023-01-09T13:51:07 IST" duration-ms="7560" status="PASS">
          <reporter-output>
          </reporter-output>
        </test-method> <!-- giftcard -->
        <test-method is-config="true" signature="startTest(java.lang.reflect.Method)[pri:0, instance:flipkart.testcases.giftCard__Test@6fd83fc1]" started-at="2023-01-09T13:51:00 IST" name="startTest" finished-at="2023-01-09T13:51:00 IST" duration-ms="0" status="PASS">
          <params>
            <param index="0">
              <value>
                <![CDATA[public void flipkart.testcases.giftCard__Test.giftcard() throws java.lang.InterruptedException]]>
              </value>
            </param>
          </params>
          <reporter-output>
          </reporter-output>
        </test-method> <!-- startTest -->
        <test-method is-config="true" signature="status(org.testng.ITestResult)[pri:0, instance:flipkart.testcases.giftCard__Test@6fd83fc1]" started-at="2023-01-09T13:51:07 IST" name="status" finished-at="2023-01-09T13:51:07 IST" duration-ms="52" status="PASS">
          <params>
            <param index="0">
              <value>
                <![CDATA[[TestResult name=giftcard status=SUCCESS method=giftCard__Test.giftcard()[pri:0, instance:flipkart.testcases.giftCard__Test@6fd83fc1] output={null}]]]>
              </value>
            </param>
          </params>
          <reporter-output>
          </reporter-output>
        </test-method> <!-- status -->
      </class> <!-- flipkart.testcases.giftCard__Test -->
      <class name="flipkart.testcases.customerCare__Test">
        <test-method is-config="true" signature="startTest(java.lang.reflect.Method)[pri:0, instance:flipkart.testcases.customerCare__Test@21e360a]" started-at="2023-01-09T13:50:01 IST" name="startTest" finished-at="2023-01-09T13:50:01 IST" duration-ms="0" status="PASS">
          <params>
            <param index="0">
              <value>
                <![CDATA[public void flipkart.testcases.customerCare__Test.customerhelp() throws java.lang.InterruptedException]]>
              </value>
            </param>
          </params>
          <reporter-output>
          </reporter-output>
        </test-method> <!-- startTest -->
        <test-method signature="customerhelp()[pri:0, instance:flipkart.testcases.customerCare__Test@21e360a]" started-at="2023-01-09T13:50:01 IST" name="customerhelp" description="C" finished-at="2023-01-09T13:50:07 IST" duration-ms="5348" status="PASS">
          <reporter-output>
          </reporter-output>
        </test-method> <!-- customerhelp -->
        <test-method is-config="true" signature="status(org.testng.ITestResult)[pri:0, instance:flipkart.testcases.customerCare__Test@21e360a]" started-at="2023-01-09T13:50:07 IST" name="status" finished-at="2023-01-09T13:50:07 IST" duration-ms="74" status="PASS">
          <params>
            <param index="0">
              <value>
                <![CDATA[[TestResult name=customerhelp status=SUCCESS method=customerCare__Test.customerhelp()[pri:0, instance:flipkart.testcases.customerCare__Test@21e360a] output={null}]]]>
              </value>
            </param>
          </params>
          <reporter-output>
          </reporter-output>
        </test-method> <!-- status -->
      </class> <!-- flipkart.testcases.customerCare__Test -->
      <class name="flipkart.testcases.flipkartAssuredProduct__Test">
        <test-method signature="flipkartAssuredProduc()[pri:0, instance:flipkart.testcases.flipkartAssuredProduct__Test@342c38f8]" started-at="2023-01-09T13:52:37 IST" name="flipkartAssuredProduc" description="S" finished-at="2023-01-09T13:52:38 IST" duration-ms="1021" status="FAIL">
          <exception class="java.lang.AssertionError">
            <message>
              <![CDATA[expected [APPLE 2020 Macbook Air M1 - (8 GB/256 GB SSD/Mac OS Big Sur) MGN93HN/A] but found [APPLE 2020 Macbook Air M1 - (8 GB/256 GB SSD/Mac OS Big Sur) MGN63HN/A]]]>
            </message>
            <full-stacktrace>
              <![CDATA[java.lang.AssertionError: expected [APPLE 2020 Macbook Air M1 - (8 GB/256 GB SSD/Mac OS Big Sur) MGN93HN/A] but found [APPLE 2020 Macbook Air M1 - (8 GB/256 GB SSD/Mac OS Big Sur) MGN63HN/A]
at org.testng.Assert.fail(Assert.java:99)
at org.testng.Assert.failNotEquals(Assert.java:1037)
at org.testng.Assert.assertEqualsImpl(Assert.java:140)
at org.testng.Assert.assertEquals(Assert.java:122)
at org.testng.Assert.assertEquals(Assert.java:629)
at org.testng.Assert.assertEquals(Assert.java:639)
at flipkart.testcases.flipkartAssuredProduct__Test.flipkartAssuredProduc(flipkartAssuredProduct__Test.java:22)
at java.base/jdk.internal.reflect.NativeMethodAccessorImpl.invoke0(Native Method)
at java.base/jdk.internal.reflect.NativeMethodAccessorImpl.invoke(NativeMethodAccessorImpl.java:62)
at java.base/jdk.internal.reflect.DelegatingMethodAccessorImpl.invoke(DelegatingMethodAccessorImpl.java:43)
at java.base/java.lang.reflect.Method.invoke(Method.java:566)
at org.testng.internal.MethodInvocationHelper.invokeMethod(MethodInvocationHelper.java:133)
at org.testng.internal.TestInvoker.invokeMethod(TestInvoker.java:598)
at org.testng.internal.TestInvoker.invokeTestMethod(TestInvoker.java:173)
at org.testng.internal.MethodRunner.runInSequence(MethodRunner.java:46)
at org.testng.internal.TestInvoker$MethodInvocationAgent.invoke(TestInvoker.java:824)
at org.testng.internal.TestInvoker.invokeTestMethods(TestInvoker.java:146)
at org.testng.internal.TestMethodWorker.invokeTestMethods(TestMethodWorker.java:146)
at org.testng.internal.TestMethodWorker.run(TestMethodWorker.java:128)
at java.base/java.util.ArrayList.forEach(ArrayList.java:1540)
at org.testng.TestRunner.privateRun(TestRunner.java:794)
at org.testng.TestRunner.run(TestRunner.java:596)
at org.testng.SuiteRunner.runTest(SuiteRunner.java:377)
at org.testng.SuiteRunner.runSequentially(SuiteRunner.java:371)
at org.testng.SuiteRunner.privateRun(SuiteRunner.java:332)
at org.testng.SuiteRunner.run(SuiteRunner.java:276)
at org.testng.SuiteRunnerWorker.runSuite(SuiteRunnerWorker.java:53)
at org.testng.SuiteRunnerWorker.run(SuiteRunnerWorker.java:96)
at org.testng.TestNG.runSuitesSequentially(TestNG.java:1212)
at org.testng.TestNG.runSuitesLocally(TestNG.java:1134)
at org.testng.TestNG.runSuites(TestNG.java:1063)
at org.testng.TestNG.run(TestNG.java:1031)
at org.testng.remote.AbstractRemoteTestNG.run(AbstractRemoteTestNG.java:115)
at org.testng.remote.RemoteTestNG.initAndRun(RemoteTestNG.java:251)
at org.testng.remote.RemoteTestNG.main(RemoteTestNG.java:77)
]]>
            </full-stacktrace>
          </exception> <!-- java.lang.AssertionError -->
          <reporter-output>
          </reporter-output>
        </test-method> <!-- flipkartAssuredProduc -->
        <test-method is-config="true" signature="startTest(java.lang.reflect.Method)[pri:0, instance:flipkart.testcases.flipkartAssuredProduct__Test@342c38f8]" started-at="2023-01-09T13:52:37 IST" name="startTest" finished-at="2023-01-09T13:52:37 IST" duration-ms="0" status="PASS">
          <params>
            <param index="0">
              <value>
                <![CDATA[public void flipkart.testcases.flipkartAssuredProduct__Test.flipkartAssuredProduc() throws java.lang.InterruptedException]]>
              </value>
            </param>
          </params>
          <reporter-output>
          </reporter-output>
        </test-method> <!-- startTest -->
        <test-method is-config="true" signature="status(org.testng.ITestResult)[pri:0, instance:flipkart.testcases.flipkartAssuredProduct__Test@342c38f8]" started-at="2023-01-09T13:52:38 IST" name="status" finished-at="2023-01-09T13:52:38 IST" duration-ms="304" status="PASS">
          <params>
            <param index="0">
              <value>
                <![CDATA[[TestResult name=flipkartAssuredProduc status=FAILURE method=flipkartAssuredProduct__Test.flipkartAssuredProduc()[pri:0, instance:flipkart.testcases.flipkartAssuredProduct__Test@342c38f8] output={null}]]]>
              </value>
            </param>
          </params>
          <reporter-output>
          </reporter-output>
        </test-method> <!-- status -->
      </class> <!-- flipkart.testcases.flipkartAssuredProduct__Test -->
      <class name="flipkart.testcases.twoWheelerTab__Test">
        <test-method signature="twoWheelertest()[pri:0, instance:flipkart.testcases.twoWheelerTab__Test@e15b7e8]" started-at="2023-01-09T13:51:32 IST" name="twoWheelertest" description="M" finished-at="2023-01-09T13:51:38 IST" duration-ms="6046" status="PASS">
          <reporter-output>
          </reporter-output>
        </test-method> <!-- twoWheelertest -->
        <test-method is-config="true" signature="startTest(java.lang.reflect.Method)[pri:0, instance:flipkart.testcases.twoWheelerTab__Test@e15b7e8]" started-at="2023-01-09T13:51:32 IST" name="startTest" finished-at="2023-01-09T13:51:32 IST" duration-ms="0" status="PASS">
          <params>
            <param index="0">
              <value>
                <![CDATA[public void flipkart.testcases.twoWheelerTab__Test.twoWheelertest() throws java.lang.InterruptedException]]>
              </value>
            </param>
          </params>
          <reporter-output>
          </reporter-output>
        </test-method> <!-- startTest -->
        <test-method is-config="true" signature="status(org.testng.ITestResult)[pri:0, instance:flipkart.testcases.twoWheelerTab__Test@e15b7e8]" started-at="2023-01-09T13:51:38 IST" name="status" finished-at="2023-01-09T13:51:38 IST" duration-ms="46" status="PASS">
          <params>
            <param index="0">
              <value>
                <![CDATA[[TestResult name=twoWheelertest status=SUCCESS method=twoWheelerTab__Test.twoWheelertest()[pri:0, instance:flipkart.testcases.twoWheelerTab__Test@e15b7e8] output={null}]]]>
              </value>
            </param>
          </params>
          <reporter-output>
          </reporter-output>
        </test-method> <!-- status -->
      </class> <!-- flipkart.testcases.twoWheelerTab__Test -->
      <class name="flipkart.testcases.cartBtn__Test">
        <test-method is-config="true" signature="startTest(java.lang.reflect.Method)[pri:0, instance:flipkart.testcases.cartBtn__Test@741a8937]" started-at="2023-01-09T13:50:54 IST" name="startTest" finished-at="2023-01-09T13:50:54 IST" duration-ms="0" status="PASS">
          <params>
            <param index="0">
              <value>
                <![CDATA[public void flipkart.testcases.cartBtn__Test.cartbtnTest() throws java.lang.InterruptedException]]>
              </value>
            </param>
          </params>
          <reporter-output>
          </reporter-output>
        </test-method> <!-- startTest -->
        <test-method signature="cartbtnTest()[pri:0, instance:flipkart.testcases.cartBtn__Test@741a8937]" started-at="2023-01-09T13:50:54 IST" name="cartbtnTest" description="G" finished-at="2023-01-09T13:51:00 IST" duration-ms="5066" status="FAIL">
          <exception class="org.openqa.selenium.NoSuchElementException">
            <message>
              <![CDATA[no such element: Unable to locate element: {"method":"xpath","selector":"/html/body/div[1]/div/div[1]/div[1]/div[2]/div[6]/div/div/a"}
  (Session info: chrome=108.0.5359.125)
For documentation on this error, please visit: https://www.seleniumhq.org/exceptions/no_such_element.html
Build info: version: '3.141.59', revision: 'e82be7d358', time: '2018-11-14T08:17:03'
System info: host: 'IN-PG02NKK7', ip: '192.168.1.3', os.name: 'Windows 10', os.arch: 'amd64', os.version: '10.0', java.version: '11.0.1'
Driver info: org.openqa.selenium.chrome.ChromeDriver
Capabilities {acceptInsecureCerts: false, browserName: chrome, browserVersion: 108.0.5359.125, chrome: {chromedriverVersion: 108.0.5359.71 (1e0e3868ee06..., userDataDir: C:\Users\HRITIK~1\AppData\L...}, goog:chromeOptions: {debuggerAddress: localhost:60706}, javascriptEnabled: true, networkConnectionEnabled: false, pageLoadStrategy: normal, platform: WINDOWS, platformName: WINDOWS, proxy: Proxy(), setWindowRect: true, strictFileInteractability: false, timeouts: {implicit: 0, pageLoad: 300000, script: 30000}, unhandledPromptBehavior: dismiss and notify, webauthn:extension:credBlob: true, webauthn:extension:largeBlob: true, webauthn:virtualAuthenticators: true}
Session ID: 938c6d226f45a656d8923626d4b12832
*** Element info: {Using=xpath, value=/html/body/div[1]/div/div[1]/div[1]/div[2]/div[6]/div/div/a}]]>
            </message>
            <full-stacktrace>
              <![CDATA[org.openqa.selenium.NoSuchElementException: no such element: Unable to locate element: {"method":"xpath","selector":"/html/body/div[1]/div/div[1]/div[1]/div[2]/div[6]/div/div/a"}
  (Session info: chrome=108.0.5359.125)
For documentation on this error, please visit: https://www.seleniumhq.org/exceptions/no_such_element.html
Build info: version: '3.141.59', revision: 'e82be7d358', time: '2018-11-14T08:17:03'
System info: host: 'IN-PG02NKK7', ip: '192.168.1.3', os.name: 'Windows 10', os.arch: 'amd64', os.version: '10.0', java.version: '11.0.1'
Driver info: org.openqa.selenium.chrome.ChromeDriver
Capabilities {acceptInsecureCerts: false, browserName: chrome, browserVersion: 108.0.5359.125, chrome: {chromedriverVersion: 108.0.5359.71 (1e0e3868ee06..., userDataDir: C:\Users\HRITIK~1\AppData\L...}, goog:chromeOptions: {debuggerAddress: localhost:60706}, javascriptEnabled: true, networkConnectionEnabled: false, pageLoadStrategy: normal, platform: WINDOWS, platformName: WINDOWS, proxy: Proxy(), setWindowRect: true, strictFileInteractability: false, timeouts: {implicit: 0, pageLoad: 300000, script: 30000}, unhandledPromptBehavior: dismiss and notify, webauthn:extension:credBlob: true, webauthn:extension:largeBlob: true, webauthn:virtualAuthenticators: true}
Session ID: 938c6d226f45a656d8923626d4b12832
*** Element info: {Using=xpath, value=/html/body/div[1]/div/div[1]/div[1]/div[2]/div[6]/div/div/a}
at java.base/jdk.internal.reflect.NativeConstructorAccessorImpl.newInstance0(Native Method)
at java.base/jdk.internal.reflect.NativeConstructorAccessorImpl.newInstance(NativeConstructorAccessorImpl.java:62)
at java.base/jdk.internal.reflect.DelegatingConstructorAccessorImpl.newInstance(DelegatingConstructorAccessorImpl.java:45)
at java.base/java.lang.reflect.Constructor.newInstance(Constructor.java:490)
at org.openqa.selenium.remote.http.W3CHttpResponseCodec.createException(W3CHttpResponseCodec.java:187)
at org.openqa.selenium.remote.http.W3CHttpResponseCodec.decode(W3CHttpResponseCodec.java:122)
at org.openqa.selenium.remote.http.W3CHttpResponseCodec.decode(W3CHttpResponseCodec.java:49)
at org.openqa.selenium.remote.HttpCommandExecutor.execute(HttpCommandExecutor.java:158)
at org.openqa.selenium.remote.service.DriverCommandExecutor.execute(DriverCommandExecutor.java:83)
at org.openqa.selenium.remote.RemoteWebDriver.execute(RemoteWebDriver.java:552)
at org.openqa.selenium.remote.RemoteWebDriver.findElement(RemoteWebDriver.java:323)
at org.openqa.selenium.remote.RemoteWebDriver.findElementByXPath(RemoteWebDriver.java:428)
at org.openqa.selenium.By$ByXPath.findElement(By.java:353)
at org.openqa.selenium.remote.RemoteWebDriver.findElement(RemoteWebDriver.java:315)
at org.openqa.selenium.support.pagefactory.DefaultElementLocator.findElement(DefaultElementLocator.java:69)
at org.openqa.selenium.support.pagefactory.internal.LocatingElementHandler.invoke(LocatingElementHandler.java:38)
at com.sun.proxy.$Proxy15.click(Unknown Source)
at flipkart_project.pages.cartBtn__Page.cartbtnpage(cartBtn__Page.java:33)
at flipkart.testcases.cartBtn__Test.cartbtnTest(cartBtn__Test.java:17)
at java.base/jdk.internal.reflect.NativeMethodAccessorImpl.invoke0(Native Method)
at java.base/jdk.internal.reflect.NativeMethodAccessorImpl.invoke(NativeMethodAccessorImpl.java:62)
at java.base/jdk.internal.reflect.DelegatingMethodAccessorImpl.invoke(DelegatingMethodAccessorImpl.java:43)
at java.base/java.lang.reflect.Method.invoke(Method.java:566)
at org.testng.internal.MethodInvocationHelper.invokeMethod(MethodInvocationHelper.java:133)
at org.testng.internal.TestInvoker.invokeMethod(TestInvoker.java:598)
at org.testng.internal.TestInvoker.invokeTestMethod(TestInvoker.java:173)
at org.testng.internal.MethodRunner.runInSequence(MethodRunner.java:46)
at org.testng.internal.TestInvoker$MethodInvocationAgent.invoke(TestInvoker.java:824)
at org.testng.internal.TestInvoker.invokeTestMethods(TestInvoker.java:146)
at org.testng.internal.TestMethodWorker.invokeTestMethods(TestMethodWorker.java:146)
at org.testng.internal.TestMethodWorker.run(TestMethodWorker.java:128)
at java.base/java.util.ArrayList.forEach(ArrayList.java:1540)
at org.testng.TestRunner.privateRun(TestRunner.java:794)
at org.testng.TestRunner.run(TestRunner.java:596)
at org.testng.SuiteRunner.runTest(SuiteRunner.java:377)
at org.testng.SuiteRunner.runSequentially(SuiteRunner.java:371)
at org.testng.SuiteRunner.privateRun(SuiteRunner.java:332)
at org.testng.SuiteRunner.run(SuiteRunner.java:276)
at org.testng.SuiteRunnerWorker.runSuite(SuiteRunnerWorker.java:53)
at org.testng.SuiteRunnerWorker.run(SuiteRunnerWorker.java:96)
at org.testng.TestNG.runSuitesSequentially(TestNG.java:1212)
at org.testng.TestNG.runSuitesLocally(TestNG.java:1134)
at org.testng.TestNG.runSuites(TestNG.java:1063)
at org.testng.TestNG.run(TestNG.java:1031)
at org.testng.remote.AbstractRemoteTestNG.run(AbstractRemoteTestNG.java:115)
at org.testng.remote.RemoteTestNG.initAndRun(RemoteTestNG.java:251)
at org.testng.remote.RemoteTestNG.main(RemoteTestNG.java:77)
]]>
            </full-stacktrace>
          </exception> <!-- org.openqa.selenium.NoSuchElementException -->
          <reporter-output>
          </reporter-output>
        </test-method> <!-- cartbtnTest -->
        <test-method is-config="true" signature="status(org.testng.ITestResult)[pri:0, instance:flipkart.testcases.cartBtn__Test@741a8937]" started-at="2023-01-09T13:51:00 IST" name="status" finished-at="2023-01-09T13:51:00 IST" duration-ms="312" status="PASS">
          <params>
            <param index="0">
              <value>
                <![CDATA[[TestResult name=cartbtnTest status=FAILURE method=cartBtn__Test.cartbtnTest()[pri:0, instance:flipkart.testcases.cartBtn__Test@741a8937] output={null}]]]>
              </value>
            </param>
          </params>
          <reporter-output>
          </reporter-output>
        </test-method> <!-- status -->
      </class> <!-- flipkart.testcases.cartBtn__Test -->
      <class name="flipkart.testcases.flightSearch__Test">
        <test-method is-config="true" signature="startTest(java.lang.reflect.Method)[pri:0, instance:flipkart.testcases.flightSearch__Test@4f2b503c]" started-at="2023-01-09T13:51:07 IST" name="startTest" finished-at="2023-01-09T13:51:07 IST" duration-ms="0" status="PASS">
          <params>
            <param index="0">
              <value>
                <![CDATA[public void flipkart.testcases.flightSearch__Test.flightSearch() throws java.lang.InterruptedException]]>
              </value>
            </param>
          </params>
          <reporter-output>
          </reporter-output>
        </test-method> <!-- startTest -->
        <test-method signature="flightSearch()[pri:0, instance:flipkart.testcases.flightSearch__Test@4f2b503c]" started-at="2023-01-09T13:51:07 IST" name="flightSearch" description="I" finished-at="2023-01-09T13:51:13 IST" duration-ms="5230" status="PASS">
          <reporter-output>
          </reporter-output>
        </test-method> <!-- flightSearch -->
        <test-method is-config="true" signature="status(org.testng.ITestResult)[pri:0, instance:flipkart.testcases.flightSearch__Test@4f2b503c]" started-at="2023-01-09T13:51:13 IST" name="status" finished-at="2023-01-09T13:51:13 IST" duration-ms="59" status="PASS">
          <params>
            <param index="0">
              <value>
                <![CDATA[[TestResult name=flightSearch status=SUCCESS method=flightSearch__Test.flightSearch()[pri:0, instance:flipkart.testcases.flightSearch__Test@4f2b503c] output={null}]]]>
              </value>
            </param>
          </params>
          <reporter-output>
          </reporter-output>
        </test-method> <!-- status -->
      </class> <!-- flipkart.testcases.flightSearch__Test -->
      <class name="flipkart.testcases.seller_faqs__Test">
        <test-method signature="sellerfaqs()[pri:0, instance:flipkart.testcases.seller_faqs__Test@209da20d]" started-at="2023-01-09T13:51:24 IST" name="sellerfaqs" description="K" finished-at="2023-01-09T13:51:32 IST" duration-ms="7509" status="PASS">
          <reporter-output>
          </reporter-output>
        </test-method> <!-- sellerfaqs -->
        <test-method is-config="true" signature="startTest(java.lang.reflect.Method)[pri:0, instance:flipkart.testcases.seller_faqs__Test@209da20d]" started-at="2023-01-09T13:51:24 IST" name="startTest" finished-at="2023-01-09T13:51:24 IST" duration-ms="0" status="PASS">
          <params>
            <param index="0">
              <value>
                <![CDATA[public void flipkart.testcases.seller_faqs__Test.sellerfaqs() throws java.lang.InterruptedException]]>
              </value>
            </param>
          </params>
          <reporter-output>
          </reporter-output>
        </test-method> <!-- startTest -->
        <test-method is-config="true" signature="status(org.testng.ITestResult)[pri:0, instance:flipkart.testcases.seller_faqs__Test@209da20d]" started-at="2023-01-09T13:51:32 IST" name="status" finished-at="2023-01-09T13:51:32 IST" duration-ms="44" status="PASS">
          <params>
            <param index="0">
              <value>
                <![CDATA[[TestResult name=sellerfaqs status=SUCCESS method=seller_faqs__Test.sellerfaqs()[pri:0, instance:flipkart.testcases.seller_faqs__Test@209da20d] output={null}]]]>
              </value>
            </param>
          </params>
          <reporter-output>
          </reporter-output>
        </test-method> <!-- status -->
      </class> <!-- flipkart.testcases.seller_faqs__Test -->
      <class name="flipkart.testcases.productSearch__Test">
        <test-method signature="productsearchTest()[pri:0, instance:flipkart.testcases.productSearch__Test@74751b3]" started-at="2023-01-09T13:50:20 IST" name="productsearchTest" description="F" finished-at="2023-01-09T13:50:54 IST" duration-ms="34463" status="FAIL">
          <exception class="org.openqa.selenium.TimeoutException">
            <message>
              <![CDATA[Expected condition failed: waiting for title to contain "MI 5A TV- Buy Products Online at Best Price in India - All Categories | Flipkart.com ". Current title: "MI 5A TV- Buy Products Online at Best Price in India - All Categories | Flipkart.com" (tried for 30 second(s) with 500 milliseconds interval)
Build info: version: '3.141.59', revision: 'e82be7d358', time: '2018-11-14T08:17:03'
System info: host: 'IN-PG02NKK7', ip: '192.168.1.3', os.name: 'Windows 10', os.arch: 'amd64', os.version: '10.0', java.version: '11.0.1'
Driver info: org.openqa.selenium.chrome.ChromeDriver
Capabilities {acceptInsecureCerts: false, browserName: chrome, browserVersion: 108.0.5359.125, chrome: {chromedriverVersion: 108.0.5359.71 (1e0e3868ee06..., userDataDir: C:\Users\HRITIK~1\AppData\L...}, goog:chromeOptions: {debuggerAddress: localhost:60706}, javascriptEnabled: true, networkConnectionEnabled: false, pageLoadStrategy: normal, platform: WINDOWS, platformName: WINDOWS, proxy: Proxy(), setWindowRect: true, strictFileInteractability: false, timeouts: {implicit: 0, pageLoad: 300000, script: 30000}, unhandledPromptBehavior: dismiss and notify, webauthn:extension:credBlob: true, webauthn:extension:largeBlob: true, webauthn:virtualAuthenticators: true}
Session ID: 938c6d226f45a656d8923626d4b12832]]>
            </message>
            <full-stacktrace>
              <![CDATA[org.openqa.selenium.TimeoutException: Expected condition failed: waiting for title to contain "MI 5A TV- Buy Products Online at Best Price in India - All Categories | Flipkart.com ". Current title: "MI 5A TV- Buy Products Online at Best Price in India - All Categories | Flipkart.com" (tried for 30 second(s) with 500 milliseconds interval)
Build info: version: '3.141.59', revision: 'e82be7d358', time: '2018-11-14T08:17:03'
System info: host: 'IN-PG02NKK7', ip: '192.168.1.3', os.name: 'Windows 10', os.arch: 'amd64', os.version: '10.0', java.version: '11.0.1'
Driver info: org.openqa.selenium.chrome.ChromeDriver
Capabilities {acceptInsecureCerts: false, browserName: chrome, browserVersion: 108.0.5359.125, chrome: {chromedriverVersion: 108.0.5359.71 (1e0e3868ee06..., userDataDir: C:\Users\HRITIK~1\AppData\L...}, goog:chromeOptions: {debuggerAddress: localhost:60706}, javascriptEnabled: true, networkConnectionEnabled: false, pageLoadStrategy: normal, platform: WINDOWS, platformName: WINDOWS, proxy: Proxy(), setWindowRect: true, strictFileInteractability: false, timeouts: {implicit: 0, pageLoad: 300000, script: 30000}, unhandledPromptBehavior: dismiss and notify, webauthn:extension:credBlob: true, webauthn:extension:largeBlob: true, webauthn:virtualAuthenticators: true}
Session ID: 938c6d226f45a656d8923626d4b12832
at org.openqa.selenium.support.ui.WebDriverWait.timeoutException(WebDriverWait.java:95)
at org.openqa.selenium.support.ui.FluentWait.until(FluentWait.java:272)
at flipkart_project.pages.productSearch__Page.productsearch(productSearch__Page.java:41)
at flipkart.testcases.productSearch__Test.productsearchTest(productSearch__Test.java:18)
at java.base/jdk.internal.reflect.NativeMethodAccessorImpl.invoke0(Native Method)
at java.base/jdk.internal.reflect.NativeMethodAccessorImpl.invoke(NativeMethodAccessorImpl.java:62)
at java.base/jdk.internal.reflect.DelegatingMethodAccessorImpl.invoke(DelegatingMethodAccessorImpl.java:43)
at java.base/java.lang.reflect.Method.invoke(Method.java:566)
at org.testng.internal.MethodInvocationHelper.invokeMethod(MethodInvocationHelper.java:133)
at org.testng.internal.TestInvoker.invokeMethod(TestInvoker.java:598)
at org.testng.internal.TestInvoker.invokeTestMethod(TestInvoker.java:173)
at org.testng.internal.MethodRunner.runInSequence(MethodRunner.java:46)
at org.testng.internal.TestInvoker$MethodInvocationAgent.invoke(TestInvoker.java:824)
at org.testng.internal.TestInvoker.invokeTestMethods(TestInvoker.java:146)
at org.testng.internal.TestMethodWorker.invokeTestMethods(TestMethodWorker.java:146)
at org.testng.internal.TestMethodWorker.run(TestMethodWorker.java:128)
at java.base/java.util.ArrayList.forEach(ArrayList.java:1540)
at org.testng.TestRunner.privateRun(TestRunner.java:794)
at org.testng.TestRunner.run(TestRunner.java:596)
at org.testng.SuiteRunner.runTest(SuiteRunner.java:377)
at org.testng.SuiteRunner.runSequentially(SuiteRunner.java:371)
at org.testng.SuiteRunner.privateRun(SuiteRunner.java:332)
at org.testng.SuiteRunner.run(SuiteRunner.java:276)
at org.testng.SuiteRunnerWorker.runSuite(SuiteRunnerWorker.java:53)
at org.testng.SuiteRunnerWorker.run(SuiteRunnerWorker.java:96)
at org.testng.TestNG.runSuitesSequentially(TestNG.java:1212)
at org.testng.TestNG.runSuitesLocally(TestNG.java:1134)
at org.testng.TestNG.runSuites(TestNG.java:1063)
at org.testng.TestNG.run(TestNG.java:1031)
at org.testng.remote.AbstractRemoteTestNG.run(AbstractRemoteTestNG.java:115)
at org.testng.remote.RemoteTestNG.initAndRun(RemoteTestNG.java:251)
at org.testng.remote.RemoteTestNG.main(RemoteTestNG.java:77)
]]>
            </full-stacktrace>
          </exception> <!-- org.openqa.selenium.TimeoutException -->
          <reporter-output>
          </reporter-output>
        </test-method> <!-- productsearchTest -->
        <test-method is-config="true" signature="startTest(java.lang.reflect.Method)[pri:0, instance:flipkart.testcases.productSearch__Test@74751b3]" started-at="2023-01-09T13:50:20 IST" name="startTest" finished-at="2023-01-09T13:50:20 IST" duration-ms="0" status="PASS">
          <params>
            <param index="0">
              <value>
                <![CDATA[public void flipkart.testcases.productSearch__Test.productsearchTest() throws java.lang.InterruptedException]]>
              </value>
            </param>
          </params>
          <reporter-output>
          </reporter-output>
        </test-method> <!-- startTest -->
        <test-method is-config="true" signature="status(org.testng.ITestResult)[pri:0, instance:flipkart.testcases.productSearch__Test@74751b3]" started-at="2023-01-09T13:50:54 IST" name="status" finished-at="2023-01-09T13:50:54 IST" duration-ms="435" status="PASS">
          <params>
            <param index="0">
              <value>
                <![CDATA[[TestResult name=productsearchTest status=FAILURE method=productSearch__Test.productsearchTest()[pri:0, instance:flipkart.testcases.productSearch__Test@74751b3] output={null}]]]>
              </value>
            </param>
          </params>
          <reporter-output>
          </reporter-output>
        </test-method> <!-- status -->
      </class> <!-- flipkart.testcases.productSearch__Test -->
      <class name="flipkart.testcases.groceryTab__Test">
        <test-method signature="groceryitem()[pri:0, instance:flipkart.testcases.groceryTab__Test@5ba3f27a]" started-at="2023-01-09T13:50:07 IST" name="groceryitem" description="D" finished-at="2023-01-09T13:50:14 IST" duration-ms="6788" status="FAIL">
          <exception class="java.lang.AssertionError">
            <message>
              <![CDATA[expected [Flipkart Supermart Select Horse Gram] but found [Masoor Dal (Split)]]]>
            </message>
            <full-stacktrace>
              <![CDATA[java.lang.AssertionError: expected [Flipkart Supermart Select Horse Gram] but found [Masoor Dal (Split)]
at org.testng.Assert.fail(Assert.java:99)
at org.testng.Assert.failNotEquals(Assert.java:1037)
at org.testng.Assert.assertEqualsImpl(Assert.java:140)
at org.testng.Assert.assertEquals(Assert.java:122)
at org.testng.Assert.assertEquals(Assert.java:629)
at org.testng.Assert.assertEquals(Assert.java:639)
at flipkart.testcases.groceryTab__Test.groceryitem(groceryTab__Test.java:24)
at java.base/jdk.internal.reflect.NativeMethodAccessorImpl.invoke0(Native Method)
at java.base/jdk.internal.reflect.NativeMethodAccessorImpl.invoke(NativeMethodAccessorImpl.java:62)
at java.base/jdk.internal.reflect.DelegatingMethodAccessorImpl.invoke(DelegatingMethodAccessorImpl.java:43)
at java.base/java.lang.reflect.Method.invoke(Method.java:566)
at org.testng.internal.MethodInvocationHelper.invokeMethod(MethodInvocationHelper.java:133)
at org.testng.internal.TestInvoker.invokeMethod(TestInvoker.java:598)
at org.testng.internal.TestInvoker.invokeTestMethod(TestInvoker.java:173)
at org.testng.internal.MethodRunner.runInSequence(MethodRunner.java:46)
at org.testng.internal.TestInvoker$MethodInvocationAgent.invoke(TestInvoker.java:824)
at org.testng.internal.TestInvoker.invokeTestMethods(TestInvoker.java:146)
at org.testng.internal.TestMethodWorker.invokeTestMethods(TestMethodWorker.java:146)
at org.testng.internal.TestMethodWorker.run(TestMethodWorker.java:128)
at java.base/java.util.ArrayList.forEach(ArrayList.java:1540)
at org.testng.TestRunner.privateRun(TestRunner.java:794)
at org.testng.TestRunner.run(TestRunner.java:596)
at org.testng.SuiteRunner.runTest(SuiteRunner.java:377)
at org.testng.SuiteRunner.runSequentially(SuiteRunner.java:371)
at org.testng.SuiteRunner.privateRun(SuiteRunner.java:332)
at org.testng.SuiteRunner.run(SuiteRunner.java:276)
at org.testng.SuiteRunnerWorker.runSuite(SuiteRunnerWorker.java:53)
at org.testng.SuiteRunnerWorker.run(SuiteRunnerWorker.java:96)
at org.testng.TestNG.runSuitesSequentially(TestNG.java:1212)
at org.testng.TestNG.runSuitesLocally(TestNG.java:1134)
at org.testng.TestNG.runSuites(TestNG.java:1063)
at org.testng.TestNG.run(TestNG.java:1031)
at org.testng.remote.AbstractRemoteTestNG.run(AbstractRemoteTestNG.java:115)
at org.testng.remote.RemoteTestNG.initAndRun(RemoteTestNG.java:251)
at org.testng.remote.RemoteTestNG.main(RemoteTestNG.java:77)
]]>
            </full-stacktrace>
          </exception> <!-- java.lang.AssertionError -->
          <reporter-output>
          </reporter-output>
        </test-method> <!-- groceryitem -->
        <test-method is-config="true" signature="startTest(java.lang.reflect.Method)[pri:0, instance:flipkart.testcases.groceryTab__Test@5ba3f27a]" started-at="2023-01-09T13:50:07 IST" name="startTest" finished-at="2023-01-09T13:50:07 IST" duration-ms="0" status="PASS">
          <params>
            <param index="0">
              <value>
                <![CDATA[public void flipkart.testcases.groceryTab__Test.groceryitem() throws java.lang.InterruptedException]]>
              </value>
            </param>
          </params>
          <reporter-output>
          </reporter-output>
        </test-method> <!-- startTest -->
        <test-method is-config="true" signature="status(org.testng.ITestResult)[pri:0, instance:flipkart.testcases.groceryTab__Test@5ba3f27a]" started-at="2023-01-09T13:50:14 IST" name="status" finished-at="2023-01-09T13:50:14 IST" duration-ms="451" status="PASS">
          <params>
            <param index="0">
              <value>
                <![CDATA[[TestResult name=groceryitem status=FAILURE method=groceryTab__Test.groceryitem()[pri:0, instance:flipkart.testcases.groceryTab__Test@5ba3f27a] output={null}]]]>
              </value>
            </param>
          </params>
          <reporter-output>
          </reporter-output>
        </test-method> <!-- status -->
      </class> <!-- flipkart.testcases.groceryTab__Test -->
      <class name="flipkart.testcases.mobileTab__Test">
        <test-method is-config="true" signature="startTest(java.lang.reflect.Method)[pri:0, instance:flipkart.testcases.mobileTab__Test@58d75e99]" started-at="2023-01-09T13:50:14 IST" name="startTest" finished-at="2023-01-09T13:50:14 IST" duration-ms="1" status="PASS">
          <params>
            <param index="0">
              <value>
                <![CDATA[public void flipkart.testcases.mobileTab__Test.mobileTabTest() throws java.lang.InterruptedException]]>
              </value>
            </param>
          </params>
          <reporter-output>
          </reporter-output>
        </test-method> <!-- startTest -->
        <test-method signature="mobileTabTest()[pri:0, instance:flipkart.testcases.mobileTab__Test@58d75e99]" started-at="2023-01-09T13:50:14 IST" name="mobileTabTest" description="E" finished-at="2023-01-09T13:50:19 IST" duration-ms="5052" status="FAIL">
          <exception class="org.openqa.selenium.NoSuchElementException">
            <message>
              <![CDATA[no such element: Unable to locate element: {"method":"xpath","selector":"/html/body/div/div/div[2]/div/div/div[2]/a/div[1]/div/img"}
  (Session info: chrome=108.0.5359.125)
For documentation on this error, please visit: https://www.seleniumhq.org/exceptions/no_such_element.html
Build info: version: '3.141.59', revision: 'e82be7d358', time: '2018-11-14T08:17:03'
System info: host: 'IN-PG02NKK7', ip: '192.168.1.3', os.name: 'Windows 10', os.arch: 'amd64', os.version: '10.0', java.version: '11.0.1'
Driver info: org.openqa.selenium.chrome.ChromeDriver
Capabilities {acceptInsecureCerts: false, browserName: chrome, browserVersion: 108.0.5359.125, chrome: {chromedriverVersion: 108.0.5359.71 (1e0e3868ee06..., userDataDir: C:\Users\HRITIK~1\AppData\L...}, goog:chromeOptions: {debuggerAddress: localhost:60706}, javascriptEnabled: true, networkConnectionEnabled: false, pageLoadStrategy: normal, platform: WINDOWS, platformName: WINDOWS, proxy: Proxy(), setWindowRect: true, strictFileInteractability: false, timeouts: {implicit: 0, pageLoad: 300000, script: 30000}, unhandledPromptBehavior: dismiss and notify, webauthn:extension:credBlob: true, webauthn:extension:largeBlob: true, webauthn:virtualAuthenticators: true}
Session ID: 938c6d226f45a656d8923626d4b12832
*** Element info: {Using=xpath, value=/html/body/div/div/div[2]/div/div/div[2]/a/div[1]/div/img}]]>
            </message>
            <full-stacktrace>
              <![CDATA[org.openqa.selenium.NoSuchElementException: no such element: Unable to locate element: {"method":"xpath","selector":"/html/body/div/div/div[2]/div/div/div[2]/a/div[1]/div/img"}
  (Session info: chrome=108.0.5359.125)
For documentation on this error, please visit: https://www.seleniumhq.org/exceptions/no_such_element.html
Build info: version: '3.141.59', revision: 'e82be7d358', time: '2018-11-14T08:17:03'
System info: host: 'IN-PG02NKK7', ip: '192.168.1.3', os.name: 'Windows 10', os.arch: 'amd64', os.version: '10.0', java.version: '11.0.1'
Driver info: org.openqa.selenium.chrome.ChromeDriver
Capabilities {acceptInsecureCerts: false, browserName: chrome, browserVersion: 108.0.5359.125, chrome: {chromedriverVersion: 108.0.5359.71 (1e0e3868ee06..., userDataDir: C:\Users\HRITIK~1\AppData\L...}, goog:chromeOptions: {debuggerAddress: localhost:60706}, javascriptEnabled: true, networkConnectionEnabled: false, pageLoadStrategy: normal, platform: WINDOWS, platformName: WINDOWS, proxy: Proxy(), setWindowRect: true, strictFileInteractability: false, timeouts: {implicit: 0, pageLoad: 300000, script: 30000}, unhandledPromptBehavior: dismiss and notify, webauthn:extension:credBlob: true, webauthn:extension:largeBlob: true, webauthn:virtualAuthenticators: true}
Session ID: 938c6d226f45a656d8923626d4b12832
*** Element info: {Using=xpath, value=/html/body/div/div/div[2]/div/div/div[2]/a/div[1]/div/img}
at java.base/jdk.internal.reflect.NativeConstructorAccessorImpl.newInstance0(Native Method)
at java.base/jdk.internal.reflect.NativeConstructorAccessorImpl.newInstance(NativeConstructorAccessorImpl.java:62)
at java.base/jdk.internal.reflect.DelegatingConstructorAccessorImpl.newInstance(DelegatingConstructorAccessorImpl.java:45)
at java.base/java.lang.reflect.Constructor.newInstance(Constructor.java:490)
at org.openqa.selenium.remote.http.W3CHttpResponseCodec.createException(W3CHttpResponseCodec.java:187)
at org.openqa.selenium.remote.http.W3CHttpResponseCodec.decode(W3CHttpResponseCodec.java:122)
at org.openqa.selenium.remote.http.W3CHttpResponseCodec.decode(W3CHttpResponseCodec.java:49)
at org.openqa.selenium.remote.HttpCommandExecutor.execute(HttpCommandExecutor.java:158)
at org.openqa.selenium.remote.service.DriverCommandExecutor.execute(DriverCommandExecutor.java:83)
at org.openqa.selenium.remote.RemoteWebDriver.execute(RemoteWebDriver.java:552)
at org.openqa.selenium.remote.RemoteWebDriver.findElement(RemoteWebDriver.java:323)
at org.openqa.selenium.remote.RemoteWebDriver.findElementByXPath(RemoteWebDriver.java:428)
at org.openqa.selenium.By$ByXPath.findElement(By.java:353)
at org.openqa.selenium.remote.RemoteWebDriver.findElement(RemoteWebDriver.java:315)
at org.openqa.selenium.support.pagefactory.DefaultElementLocator.findElement(DefaultElementLocator.java:69)
at org.openqa.selenium.support.pagefactory.internal.LocatingElementHandler.invoke(LocatingElementHandler.java:38)
at com.sun.proxy.$Proxy15.click(Unknown Source)
at flipkart_project.pages.mobileTab__Page.mobileTab(mobileTab__Page.java:37)
at flipkart.testcases.mobileTab__Test.mobileTabTest(mobileTab__Test.java:18)
at java.base/jdk.internal.reflect.NativeMethodAccessorImpl.invoke0(Native Method)
at java.base/jdk.internal.reflect.NativeMethodAccessorImpl.invoke(NativeMethodAccessorImpl.java:62)
at java.base/jdk.internal.reflect.DelegatingMethodAccessorImpl.invoke(DelegatingMethodAccessorImpl.java:43)
at java.base/java.lang.reflect.Method.invoke(Method.java:566)
at org.testng.internal.MethodInvocationHelper.invokeMethod(MethodInvocationHelper.java:133)
at org.testng.internal.TestInvoker.invokeMethod(TestInvoker.java:598)
at org.testng.internal.TestInvoker.invokeTestMethod(TestInvoker.java:173)
at org.testng.internal.MethodRunner.runInSequence(MethodRunner.java:46)
at org.testng.internal.TestInvoker$MethodInvocationAgent.invoke(TestInvoker.java:824)
at org.testng.internal.TestInvoker.invokeTestMethods(TestInvoker.java:146)
at org.testng.internal.TestMethodWorker.invokeTestMethods(TestMethodWorker.java:146)
at org.testng.internal.TestMethodWorker.run(TestMethodWorker.java:128)
at java.base/java.util.ArrayList.forEach(ArrayList.java:1540)
at org.testng.TestRunner.privateRun(TestRunner.java:794)
at org.testng.TestRunner.run(TestRunner.java:596)
at org.testng.SuiteRunner.runTest(SuiteRunner.java:377)
at org.testng.SuiteRunner.runSequentially(SuiteRunner.java:371)
at org.testng.SuiteRunner.privateRun(SuiteRunner.java:332)
at org.testng.SuiteRunner.run(SuiteRunner.java:276)
at org.testng.SuiteRunnerWorker.runSuite(SuiteRunnerWorker.java:53)
at org.testng.SuiteRunnerWorker.run(SuiteRunnerWorker.java:96)
at org.testng.TestNG.runSuitesSequentially(TestNG.java:1212)
at org.testng.TestNG.runSuitesLocally(TestNG.java:1134)
at org.testng.TestNG.runSuites(TestNG.java:1063)
at org.testng.TestNG.run(TestNG.java:1031)
at org.testng.remote.AbstractRemoteTestNG.run(AbstractRemoteTestNG.java:115)
at org.testng.remote.RemoteTestNG.initAndRun(RemoteTestNG.java:251)
at org.testng.remote.RemoteTestNG.main(RemoteTestNG.java:77)
]]>
            </full-stacktrace>
          </exception> <!-- org.openqa.selenium.NoSuchElementException -->
          <reporter-output>
          </reporter-output>
        </test-method> <!-- mobileTabTest -->
        <test-method is-config="true" signature="status(org.testng.ITestResult)[pri:0, instance:flipkart.testcases.mobileTab__Test@58d75e99]" started-at="2023-01-09T13:50:19 IST" name="status" finished-at="2023-01-09T13:50:20 IST" duration-ms="422" status="PASS">
          <params>
            <param index="0">
              <value>
                <![CDATA[[TestResult name=mobileTabTest status=FAILURE method=mobileTab__Test.mobileTabTest()[pri:0, instance:flipkart.testcases.mobileTab__Test@58d75e99] output={null}]]]>
              </value>
            </param>
          </params>
          <reporter-output>
          </reporter-output>
        </test-method> <!-- status -->
      </class> <!-- flipkart.testcases.mobileTab__Test -->
      <class name="flipkart.testcases.flipKartPlus__Test">
        <test-method is-config="true" signature="startTest(java.lang.reflect.Method)[pri:0, instance:flipkart.testcases.flipKartPlus__Test@7bd4937b]" started-at="2023-01-09T13:49:53 IST" name="startTest" finished-at="2023-01-09T13:49:53 IST" duration-ms="13" status="PASS">
          <params>
            <param index="0">
              <value>
                <![CDATA[public void flipkart.testcases.flipKartPlus__Test.flipkartPlus_Page() throws java.lang.InterruptedException]]>
              </value>
            </param>
          </params>
          <reporter-output>
          </reporter-output>
        </test-method> <!-- startTest -->
        <test-method signature="flipkartPlus_Page()[pri:0, instance:flipkart.testcases.flipKartPlus__Test@7bd4937b]" started-at="2023-01-09T13:49:53 IST" name="flipkartPlus_Page" description="B" finished-at="2023-01-09T13:50:01 IST" duration-ms="8293" status="PASS">
          <reporter-output>
          </reporter-output>
        </test-method> <!-- flipkartPlus_Page -->
        <test-method is-config="true" signature="status(org.testng.ITestResult)[pri:0, instance:flipkart.testcases.flipKartPlus__Test@7bd4937b]" started-at="2023-01-09T13:50:01 IST" name="status" finished-at="2023-01-09T13:50:01 IST" duration-ms="85" status="PASS">
          <params>
            <param index="0">
              <value>
                <![CDATA[[TestResult name=flipkartPlus_Page status=SUCCESS method=flipKartPlus__Test.flipkartPlus_Page()[pri:0, instance:flipkart.testcases.flipKartPlus__Test@7bd4937b] output={null}]]]>
              </value>
            </param>
          </params>
          <reporter-output>
          </reporter-output>
        </test-method> <!-- status -->
      </class> <!-- flipkart.testcases.flipKartPlus__Test -->
      <class name="flipkart.testcases.explosePlus_btn__Test">
        <test-method is-config="true" signature="startTest(java.lang.reflect.Method)[pri:0, instance:flipkart.testcases.explosePlus_btn__Test@1b2abca6]" started-at="2023-01-09T13:51:38 IST" name="startTest" finished-at="2023-01-09T13:51:38 IST" duration-ms="2" status="PASS">
          <params>
            <param index="0">
              <value>
                <![CDATA[public void flipkart.testcases.explosePlus_btn__Test.exploreplusbtn_test() throws java.lang.InterruptedException]]>
              </value>
            </param>
          </params>
          <reporter-output>
          </reporter-output>
        </test-method> <!-- startTest -->
        <test-method signature="exploreplusbtn_test()[pri:0, instance:flipkart.testcases.explosePlus_btn__Test@1b2abca6]" started-at="2023-01-09T13:51:38 IST" name="exploreplusbtn_test" description="N" finished-at="2023-01-09T13:51:44 IST" duration-ms="5965" status="PASS">
          <reporter-output>
          </reporter-output>
        </test-method> <!-- exploreplusbtn_test -->
        <test-method is-config="true" signature="status(org.testng.ITestResult)[pri:0, instance:flipkart.testcases.explosePlus_btn__Test@1b2abca6]" started-at="2023-01-09T13:51:44 IST" name="status" finished-at="2023-01-09T13:51:44 IST" duration-ms="55" status="PASS">
          <params>
            <param index="0">
              <value>
                <![CDATA[[TestResult name=exploreplusbtn_test status=SUCCESS method=explosePlus_btn__Test.exploreplusbtn_test()[pri:0, instance:flipkart.testcases.explosePlus_btn__Test@1b2abca6] output={null}]]]>
              </value>
            </param>
          </params>
          <reporter-output>
          </reporter-output>
        </test-method> <!-- status -->
      </class> <!-- flipkart.testcases.explosePlus_btn__Test -->
      <class name="flipkart.testcases.pressBtn__Test">
        <test-method is-config="true" signature="startTest(java.lang.reflect.Method)[pri:0, instance:flipkart.testcases.pressBtn__Test@6392827e]" started-at="2023-01-09T13:51:44 IST" name="startTest" finished-at="2023-01-09T13:51:44 IST" duration-ms="1" status="PASS">
          <params>
            <param index="0">
              <value>
                <![CDATA[public void flipkart.testcases.pressBtn__Test.pressbtnTest() throws java.lang.InterruptedException]]>
              </value>
            </param>
          </params>
          <reporter-output>
          </reporter-output>
        </test-method> <!-- startTest -->
        <test-method signature="pressbtnTest()[pri:0, instance:flipkart.testcases.pressBtn__Test@6392827e]" started-at="2023-01-09T13:51:44 IST" name="pressbtnTest" description="O" finished-at="2023-01-09T13:52:07 IST" duration-ms="23470" status="PASS">
          <reporter-output>
          </reporter-output>
        </test-method> <!-- pressbtnTest -->
        <test-method is-config="true" signature="status(org.testng.ITestResult)[pri:0, instance:flipkart.testcases.pressBtn__Test@6392827e]" started-at="2023-01-09T13:52:07 IST" name="status" finished-at="2023-01-09T13:52:07 IST" duration-ms="40" status="PASS">
          <params>
            <param index="0">
              <value>
                <![CDATA[[TestResult name=pressbtnTest status=SUCCESS method=pressBtn__Test.pressbtnTest()[pri:0, instance:flipkart.testcases.pressBtn__Test@6392827e] output={null}]]]>
              </value>
            </param>
          </params>
          <reporter-output>
          </reporter-output>
        </test-method> <!-- status -->
      </class> <!-- flipkart.testcases.pressBtn__Test -->
      <class name="flipkart.testcases.seller_feeStructure__Test">
        <test-method is-config="true" signature="startTest(java.lang.reflect.Method)[pri:0, instance:flipkart.testcases.seller_feeStructure__Test@bae7dc0]" started-at="2023-01-09T13:51:13 IST" name="startTest" finished-at="2023-01-09T13:51:13 IST" duration-ms="1" status="PASS">
          <params>
            <param index="0">
              <value>
                <![CDATA[public void flipkart.testcases.seller_feeStructure__Test.sellerFeeStructure() throws java.lang.InterruptedException]]>
              </value>
            </param>
          </params>
          <reporter-output>
          </reporter-output>
        </test-method> <!-- startTest -->
        <test-method signature="sellerFeeStructure()[pri:0, instance:flipkart.testcases.seller_feeStructure__Test@bae7dc0]" started-at="2023-01-09T13:51:13 IST" name="sellerFeeStructure" description="J" finished-at="2023-01-09T13:51:24 IST" duration-ms="11304" status="PASS">
          <reporter-output>
          </reporter-output>
        </test-method> <!-- sellerFeeStructure -->
        <test-method is-config="true" signature="status(org.testng.ITestResult)[pri:0, instance:flipkart.testcases.seller_feeStructure__Test@bae7dc0]" started-at="2023-01-09T13:51:24 IST" name="status" finished-at="2023-01-09T13:51:24 IST" duration-ms="43" status="PASS">
          <params>
            <param index="0">
              <value>
                <![CDATA[[TestResult name=sellerFeeStructure status=SUCCESS method=seller_feeStructure__Test.sellerFeeStructure()[pri:0, instance:flipkart.testcases.seller_feeStructure__Test@bae7dc0] output={null}]]]>
              </value>
            </param>
          </params>
          <reporter-output>
          </reporter-output>
        </test-method> <!-- status -->
      </class> <!-- flipkart.testcases.seller_feeStructure__Test -->
      <class name="flipkart.testcases.flipkartCareer__Test">
        <test-method is-config="true" signature="startTest(java.lang.reflect.Method)[pri:0, instance:flipkart.testcases.flipkartCareer__Test@d5b810e]" started-at="2023-01-09T13:52:21 IST" name="startTest" finished-at="2023-01-09T13:52:21 IST" duration-ms="0" status="PASS">
          <params>
            <param index="0">
              <value>
                <![CDATA[public void flipkart.testcases.flipkartCareer__Test.careerTest() throws java.lang.InterruptedException]]>
              </value>
            </param>
          </params>
          <reporter-output>
          </reporter-output>
        </test-method> <!-- startTest -->
        <test-method signature="careerTest()[pri:0, instance:flipkart.testcases.flipkartCareer__Test@d5b810e]" started-at="2023-01-09T13:52:21 IST" name="careerTest" description="Q" finished-at="2023-01-09T13:52:31 IST" duration-ms="9781" status="PASS">
          <reporter-output>
          </reporter-output>
        </test-method> <!-- careerTest -->
        <test-method is-config="true" signature="status(org.testng.ITestResult)[pri:0, instance:flipkart.testcases.flipkartCareer__Test@d5b810e]" started-at="2023-01-09T13:52:31 IST" name="status" finished-at="2023-01-09T13:52:31 IST" duration-ms="24" status="PASS">
          <params>
            <param index="0">
              <value>
                <![CDATA[[TestResult name=careerTest status=SUCCESS method=flipkartCareer__Test.careerTest()[pri:0, instance:flipkart.testcases.flipkartCareer__Test@d5b810e] output={null}]]]>
              </value>
            </param>
          </params>
          <reporter-output>
          </reporter-output>
        </test-method> <!-- status -->
      </class> <!-- flipkart.testcases.flipkartCareer__Test -->
      <class name="flipkart.testcases.flipkartLogin_Test">
        <test-method is-config="true" signature="setup()[pri:0, instance:flipkart.testcases.flipkartLogin_Test@58695725]" started-at="2023-01-09T13:49:04 IST" name="setup" finished-at="2023-01-09T13:49:06 IST" duration-ms="1903" status="PASS">
          <reporter-output>
          </reporter-output>
        </test-method> <!-- setup -->
        <test-method is-config="true" signature="nevigateToURL()[pri:0, instance:flipkart.testcases.flipkartLogin_Test@58695725]" started-at="2023-01-09T13:49:06 IST" name="nevigateToURL" finished-at="2023-01-09T13:49:51 IST" duration-ms="44949" status="PASS">
          <reporter-output>
          </reporter-output>
        </test-method> <!-- nevigateToURL -->
        <test-method is-config="true" signature="startTest(java.lang.reflect.Method)[pri:0, instance:flipkart.testcases.flipkartLogin_Test@58695725]" started-at="2023-01-09T13:49:52 IST" name="startTest" finished-at="2023-01-09T13:49:52 IST" duration-ms="9" status="PASS">
          <params>
            <param index="0">
              <value>
                <![CDATA[public void flipkart.testcases.flipkartLogin_Test.loginFunction()]]>
              </value>
            </param>
          </params>
          <reporter-output>
          </reporter-output>
        </test-method> <!-- startTest -->
        <test-method signature="loginFunction()[pri:0, instance:flipkart.testcases.flipkartLogin_Test@58695725]" started-at="2023-01-09T13:49:52 IST" name="loginFunction" description="A" finished-at="2023-01-09T13:49:53 IST" duration-ms="749" status="PASS">
          <reporter-output>
          </reporter-output>
        </test-method> <!-- loginFunction -->
        <test-method is-config="true" signature="status(org.testng.ITestResult)[pri:0, instance:flipkart.testcases.flipkartLogin_Test@58695725]" started-at="2023-01-09T13:49:53 IST" name="status" finished-at="2023-01-09T13:49:53 IST" duration-ms="319" status="PASS">
          <params>
            <param index="0">
              <value>
                <![CDATA[[TestResult name=loginFunction status=SUCCESS method=flipkartLogin_Test.loginFunction()[pri:0, instance:flipkart.testcases.flipkartLogin_Test@58695725] output={null}]]]>
              </value>
            </param>
          </params>
          <reporter-output>
          </reporter-output>
        </test-method> <!-- status -->
        <test-method is-config="true" signature="closeURL()[pri:0, instance:flipkart.testcases.flipkartLogin_Test@58695725]" started-at="2023-01-09T13:52:39 IST" name="closeURL" finished-at="2023-01-09T13:52:40 IST" duration-ms="810" status="PASS">
          <reporter-output>
          </reporter-output>
        </test-method> <!-- closeURL -->
      </class> <!-- flipkart.testcases.flipkartLogin_Test -->
      <class name="flipkart.testcases.appliancesBtn__Test">
        <test-method is-config="true" signature="startTest(java.lang.reflect.Method)[pri:0, instance:flipkart.testcases.appliancesBtn__Test@43dac38f]" started-at="2023-01-09T13:52:31 IST" name="startTest" finished-at="2023-01-09T13:52:31 IST" duration-ms="4" status="PASS">
          <params>
            <param index="0">
              <value>
                <![CDATA[public void flipkart.testcases.appliancesBtn__Test.appliancesTest() throws java.lang.InterruptedException]]>
              </value>
            </param>
          </params>
          <reporter-output>
          </reporter-output>
        </test-method> <!-- startTest -->
        <test-method signature="appliancesTest()[pri:0, instance:flipkart.testcases.appliancesBtn__Test@43dac38f]" started-at="2023-01-09T13:52:31 IST" name="appliancesTest" description="R" finished-at="2023-01-09T13:52:37 IST" duration-ms="5760" status="PASS">
          <reporter-output>
          </reporter-output>
        </test-method> <!-- appliancesTest -->
        <test-method is-config="true" signature="status(org.testng.ITestResult)[pri:0, instance:flipkart.testcases.appliancesBtn__Test@43dac38f]" started-at="2023-01-09T13:52:37 IST" name="status" finished-at="2023-01-09T13:52:37 IST" duration-ms="36" status="PASS">
          <params>
            <param index="0">
              <value>
                <![CDATA[[TestResult name=appliancesTest status=SUCCESS method=appliancesBtn__Test.appliancesTest()[pri:0, instance:flipkart.testcases.appliancesBtn__Test@43dac38f] output={null}]]]>
              </value>
            </param>
          </params>
          <reporter-output>
          </reporter-output>
        </test-method> <!-- status -->
      </class> <!-- flipkart.testcases.appliancesBtn__Test -->
    </test> <!-- chromeTest -->
  </suite> <!-- DEFE_project -->
</testng-results>
